[2024-05-03T21:11:10.630+0000] {processor.py:161} INFO - Started process (PID=39) to work on /home/airflow/.local/lib/python3.12/site-packages/airflow/example_dags/example_display_name.py
[2024-05-03T21:11:10.630+0000] {processor.py:830} INFO - Processing file /home/airflow/.local/lib/python3.12/site-packages/airflow/example_dags/example_display_name.py for tasks to queue
[2024-05-03T21:11:10.632+0000] {logging_mixin.py:188} INFO - [2024-05-03T21:11:10.631+0000] {dagbag.py:540} INFO - Filling up the DagBag from /home/airflow/.local/lib/python3.12/site-packages/airflow/example_dags/example_display_name.py
[2024-05-03T21:11:10.636+0000] {processor.py:840} INFO - DAG(s) 'example_display_name' retrieved from /home/airflow/.local/lib/python3.12/site-packages/airflow/example_dags/example_display_name.py
[2024-05-03T21:11:10.643+0000] {logging_mixin.py:188} INFO - [2024-05-03T21:11:10.643+0000] {dag.py:3096} INFO - Sync 1 DAGs
[2024-05-03T21:11:10.653+0000] {logging_mixin.py:188} INFO - [2024-05-03T21:11:10.653+0000] {dag.py:3954} INFO - Setting next_dagrun for example_display_name to None, run_after=None
[2024-05-03T21:11:10.668+0000] {processor.py:183} INFO - Processing /home/airflow/.local/lib/python3.12/site-packages/airflow/example_dags/example_display_name.py took 0.042 seconds
[2024-05-03T21:11:41.749+0000] {processor.py:161} INFO - Started process (PID=97) to work on /home/airflow/.local/lib/python3.12/site-packages/airflow/example_dags/example_display_name.py
[2024-05-03T21:11:41.750+0000] {processor.py:830} INFO - Processing file /home/airflow/.local/lib/python3.12/site-packages/airflow/example_dags/example_display_name.py for tasks to queue
[2024-05-03T21:11:41.751+0000] {logging_mixin.py:188} INFO - [2024-05-03T21:11:41.751+0000] {dagbag.py:540} INFO - Filling up the DagBag from /home/airflow/.local/lib/python3.12/site-packages/airflow/example_dags/example_display_name.py
[2024-05-03T21:11:41.754+0000] {processor.py:840} INFO - DAG(s) 'example_display_name' retrieved from /home/airflow/.local/lib/python3.12/site-packages/airflow/example_dags/example_display_name.py
[2024-05-03T21:11:41.826+0000] {logging_mixin.py:188} INFO - [2024-05-03T21:11:41.826+0000] {dag.py:3096} INFO - Sync 1 DAGs
[2024-05-03T21:11:41.834+0000] {logging_mixin.py:188} INFO - [2024-05-03T21:11:41.833+0000] {dag.py:3954} INFO - Setting next_dagrun for example_display_name to None, run_after=None
[2024-05-03T21:11:41.846+0000] {processor.py:183} INFO - Processing /home/airflow/.local/lib/python3.12/site-packages/airflow/example_dags/example_display_name.py took 0.100 seconds
[2024-05-03T21:12:12.142+0000] {processor.py:161} INFO - Started process (PID=155) to work on /home/airflow/.local/lib/python3.12/site-packages/airflow/example_dags/example_display_name.py
[2024-05-03T21:12:12.143+0000] {processor.py:830} INFO - Processing file /home/airflow/.local/lib/python3.12/site-packages/airflow/example_dags/example_display_name.py for tasks to queue
[2024-05-03T21:12:12.144+0000] {logging_mixin.py:188} INFO - [2024-05-03T21:12:12.144+0000] {dagbag.py:540} INFO - Filling up the DagBag from /home/airflow/.local/lib/python3.12/site-packages/airflow/example_dags/example_display_name.py
[2024-05-03T21:12:12.148+0000] {processor.py:840} INFO - DAG(s) 'example_display_name' retrieved from /home/airflow/.local/lib/python3.12/site-packages/airflow/example_dags/example_display_name.py
[2024-05-03T21:12:12.159+0000] {logging_mixin.py:188} INFO - [2024-05-03T21:12:12.159+0000] {dag.py:3096} INFO - Sync 1 DAGs
[2024-05-03T21:12:12.168+0000] {logging_mixin.py:188} INFO - [2024-05-03T21:12:12.168+0000] {dag.py:3954} INFO - Setting next_dagrun for example_display_name to None, run_after=None
[2024-05-03T21:12:12.180+0000] {processor.py:183} INFO - Processing /home/airflow/.local/lib/python3.12/site-packages/airflow/example_dags/example_display_name.py took 0.041 seconds
[2024-05-03T21:12:42.369+0000] {processor.py:161} INFO - Started process (PID=213) to work on /home/airflow/.local/lib/python3.12/site-packages/airflow/example_dags/example_display_name.py
[2024-05-03T21:12:42.370+0000] {processor.py:830} INFO - Processing file /home/airflow/.local/lib/python3.12/site-packages/airflow/example_dags/example_display_name.py for tasks to queue
[2024-05-03T21:12:42.371+0000] {logging_mixin.py:188} INFO - [2024-05-03T21:12:42.370+0000] {dagbag.py:540} INFO - Filling up the DagBag from /home/airflow/.local/lib/python3.12/site-packages/airflow/example_dags/example_display_name.py
[2024-05-03T21:12:42.374+0000] {processor.py:840} INFO - DAG(s) 'example_display_name' retrieved from /home/airflow/.local/lib/python3.12/site-packages/airflow/example_dags/example_display_name.py
[2024-05-03T21:12:42.385+0000] {logging_mixin.py:188} INFO - [2024-05-03T21:12:42.385+0000] {dag.py:3096} INFO - Sync 1 DAGs
[2024-05-03T21:12:42.394+0000] {logging_mixin.py:188} INFO - [2024-05-03T21:12:42.394+0000] {dag.py:3954} INFO - Setting next_dagrun for example_display_name to None, run_after=None
[2024-05-03T21:12:42.406+0000] {processor.py:183} INFO - Processing /home/airflow/.local/lib/python3.12/site-packages/airflow/example_dags/example_display_name.py took 0.040 seconds
[2024-05-03T21:13:13.275+0000] {processor.py:161} INFO - Started process (PID=271) to work on /home/airflow/.local/lib/python3.12/site-packages/airflow/example_dags/example_display_name.py
[2024-05-03T21:13:13.275+0000] {processor.py:830} INFO - Processing file /home/airflow/.local/lib/python3.12/site-packages/airflow/example_dags/example_display_name.py for tasks to queue
[2024-05-03T21:13:13.276+0000] {logging_mixin.py:188} INFO - [2024-05-03T21:13:13.276+0000] {dagbag.py:540} INFO - Filling up the DagBag from /home/airflow/.local/lib/python3.12/site-packages/airflow/example_dags/example_display_name.py
[2024-05-03T21:13:13.280+0000] {processor.py:840} INFO - DAG(s) 'example_display_name' retrieved from /home/airflow/.local/lib/python3.12/site-packages/airflow/example_dags/example_display_name.py
[2024-05-03T21:13:13.292+0000] {logging_mixin.py:188} INFO - [2024-05-03T21:13:13.292+0000] {dag.py:3096} INFO - Sync 1 DAGs
[2024-05-03T21:13:13.301+0000] {logging_mixin.py:188} INFO - [2024-05-03T21:13:13.301+0000] {dag.py:3954} INFO - Setting next_dagrun for example_display_name to None, run_after=None
[2024-05-03T21:13:13.314+0000] {processor.py:183} INFO - Processing /home/airflow/.local/lib/python3.12/site-packages/airflow/example_dags/example_display_name.py took 0.043 seconds
