[2024-05-03T21:11:10.548+0000] {processor.py:161} INFO - Started process (PID=38) to work on /home/airflow/.local/lib/python3.12/site-packages/airflow/example_dags/example_subdag_operator.py
[2024-05-03T21:11:10.549+0000] {processor.py:830} INFO - Processing file /home/airflow/.local/lib/python3.12/site-packages/airflow/example_dags/example_subdag_operator.py for tasks to queue
[2024-05-03T21:11:10.550+0000] {logging_mixin.py:188} INFO - [2024-05-03T21:11:10.550+0000] {dagbag.py:540} INFO - Filling up the DagBag from /home/airflow/.local/lib/python3.12/site-packages/airflow/example_dags/example_subdag_operator.py
[2024-05-03T21:11:10.566+0000] {processor.py:840} INFO - DAG(s) 'example_subdag_operator.section-1', 'example_subdag_operator.section-2', 'example_subdag_operator' retrieved from /home/airflow/.local/lib/python3.12/site-packages/airflow/example_dags/example_subdag_operator.py
[2024-05-03T21:11:10.568+0000] {logging_mixin.py:188} INFO - [2024-05-03T21:11:10.568+0000] {dag.py:3096} INFO - Sync 3 DAGs
[2024-05-03T21:11:10.586+0000] {logging_mixin.py:188} INFO - [2024-05-03T21:11:10.585+0000] {dag.py:3954} INFO - Setting next_dagrun for example_subdag_operator to 2022-01-01 00:00:00+00:00, run_after=2022-01-01 00:00:00+00:00
[2024-05-03T21:11:10.589+0000] {logging_mixin.py:188} INFO - [2024-05-03T21:11:10.588+0000] {dag.py:3954} INFO - Setting next_dagrun for example_subdag_operator.section-1 to None, run_after=None
[2024-05-03T21:11:10.590+0000] {logging_mixin.py:188} INFO - [2024-05-03T21:11:10.590+0000] {dag.py:3954} INFO - Setting next_dagrun for example_subdag_operator.section-2 to None, run_after=None
[2024-05-03T21:11:10.595+0000] {logging_mixin.py:188} INFO - [2024-05-03T21:11:10.594+0000] {dag.py:3096} INFO - Sync 2 DAGs
[2024-05-03T21:11:10.598+0000] {logging_mixin.py:188} INFO - [2024-05-03T21:11:10.598+0000] {dag.py:3954} INFO - Setting next_dagrun for example_subdag_operator.section-1 to None, run_after=None
[2024-05-03T21:11:10.599+0000] {logging_mixin.py:188} INFO - [2024-05-03T21:11:10.599+0000] {dag.py:3954} INFO - Setting next_dagrun for example_subdag_operator.section-2 to None, run_after=None
[2024-05-03T21:11:10.607+0000] {processor.py:183} INFO - Processing /home/airflow/.local/lib/python3.12/site-packages/airflow/example_dags/example_subdag_operator.py took 0.062 seconds
[2024-05-03T21:11:41.749+0000] {processor.py:161} INFO - Started process (PID=96) to work on /home/airflow/.local/lib/python3.12/site-packages/airflow/example_dags/example_subdag_operator.py
[2024-05-03T21:11:41.750+0000] {processor.py:830} INFO - Processing file /home/airflow/.local/lib/python3.12/site-packages/airflow/example_dags/example_subdag_operator.py for tasks to queue
[2024-05-03T21:11:41.751+0000] {logging_mixin.py:188} INFO - [2024-05-03T21:11:41.751+0000] {dagbag.py:540} INFO - Filling up the DagBag from /home/airflow/.local/lib/python3.12/site-packages/airflow/example_dags/example_subdag_operator.py
[2024-05-03T21:11:41.765+0000] {processor.py:840} INFO - DAG(s) 'example_subdag_operator.section-1', 'example_subdag_operator.section-2', 'example_subdag_operator' retrieved from /home/airflow/.local/lib/python3.12/site-packages/airflow/example_dags/example_subdag_operator.py
[2024-05-03T21:11:41.833+0000] {logging_mixin.py:188} INFO - [2024-05-03T21:11:41.833+0000] {dag.py:3096} INFO - Sync 3 DAGs
[2024-05-03T21:11:41.846+0000] {logging_mixin.py:188} INFO - [2024-05-03T21:11:41.846+0000] {dag.py:3954} INFO - Setting next_dagrun for example_subdag_operator to 2022-01-01 00:00:00+00:00, run_after=2022-01-01 00:00:00+00:00
[2024-05-03T21:11:41.849+0000] {logging_mixin.py:188} INFO - [2024-05-03T21:11:41.849+0000] {dag.py:3954} INFO - Setting next_dagrun for example_subdag_operator.section-1 to None, run_after=None
[2024-05-03T21:11:41.850+0000] {logging_mixin.py:188} INFO - [2024-05-03T21:11:41.849+0000] {dag.py:3954} INFO - Setting next_dagrun for example_subdag_operator.section-2 to None, run_after=None
[2024-05-03T21:11:41.856+0000] {logging_mixin.py:188} INFO - [2024-05-03T21:11:41.856+0000] {dag.py:3096} INFO - Sync 2 DAGs
[2024-05-03T21:11:41.859+0000] {logging_mixin.py:188} INFO - [2024-05-03T21:11:41.859+0000] {dag.py:3954} INFO - Setting next_dagrun for example_subdag_operator.section-1 to None, run_after=None
[2024-05-03T21:11:41.860+0000] {logging_mixin.py:188} INFO - [2024-05-03T21:11:41.860+0000] {dag.py:3954} INFO - Setting next_dagrun for example_subdag_operator.section-2 to None, run_after=None
[2024-05-03T21:11:41.867+0000] {processor.py:183} INFO - Processing /home/airflow/.local/lib/python3.12/site-packages/airflow/example_dags/example_subdag_operator.py took 0.121 seconds
[2024-05-03T21:12:12.127+0000] {processor.py:161} INFO - Started process (PID=154) to work on /home/airflow/.local/lib/python3.12/site-packages/airflow/example_dags/example_subdag_operator.py
[2024-05-03T21:12:12.128+0000] {processor.py:830} INFO - Processing file /home/airflow/.local/lib/python3.12/site-packages/airflow/example_dags/example_subdag_operator.py for tasks to queue
[2024-05-03T21:12:12.129+0000] {logging_mixin.py:188} INFO - [2024-05-03T21:12:12.129+0000] {dagbag.py:540} INFO - Filling up the DagBag from /home/airflow/.local/lib/python3.12/site-packages/airflow/example_dags/example_subdag_operator.py
[2024-05-03T21:12:12.144+0000] {processor.py:840} INFO - DAG(s) 'example_subdag_operator.section-1', 'example_subdag_operator.section-2', 'example_subdag_operator' retrieved from /home/airflow/.local/lib/python3.12/site-packages/airflow/example_dags/example_subdag_operator.py
[2024-05-03T21:12:12.155+0000] {logging_mixin.py:188} INFO - [2024-05-03T21:12:12.155+0000] {dag.py:3096} INFO - Sync 3 DAGs
[2024-05-03T21:12:12.169+0000] {logging_mixin.py:188} INFO - [2024-05-03T21:12:12.169+0000] {dag.py:3954} INFO - Setting next_dagrun for example_subdag_operator to 2022-01-01 00:00:00+00:00, run_after=2022-01-01 00:00:00+00:00
[2024-05-03T21:12:12.172+0000] {logging_mixin.py:188} INFO - [2024-05-03T21:12:12.172+0000] {dag.py:3954} INFO - Setting next_dagrun for example_subdag_operator.section-1 to None, run_after=None
[2024-05-03T21:12:12.173+0000] {logging_mixin.py:188} INFO - [2024-05-03T21:12:12.173+0000] {dag.py:3954} INFO - Setting next_dagrun for example_subdag_operator.section-2 to None, run_after=None
[2024-05-03T21:12:12.178+0000] {logging_mixin.py:188} INFO - [2024-05-03T21:12:12.178+0000] {dag.py:3096} INFO - Sync 2 DAGs
[2024-05-03T21:12:12.181+0000] {logging_mixin.py:188} INFO - [2024-05-03T21:12:12.181+0000] {dag.py:3954} INFO - Setting next_dagrun for example_subdag_operator.section-1 to None, run_after=None
[2024-05-03T21:12:12.182+0000] {logging_mixin.py:188} INFO - [2024-05-03T21:12:12.182+0000] {dag.py:3954} INFO - Setting next_dagrun for example_subdag_operator.section-2 to None, run_after=None
[2024-05-03T21:12:12.189+0000] {processor.py:183} INFO - Processing /home/airflow/.local/lib/python3.12/site-packages/airflow/example_dags/example_subdag_operator.py took 0.065 seconds
[2024-05-03T21:12:42.362+0000] {processor.py:161} INFO - Started process (PID=212) to work on /home/airflow/.local/lib/python3.12/site-packages/airflow/example_dags/example_subdag_operator.py
[2024-05-03T21:12:42.362+0000] {processor.py:830} INFO - Processing file /home/airflow/.local/lib/python3.12/site-packages/airflow/example_dags/example_subdag_operator.py for tasks to queue
[2024-05-03T21:12:42.364+0000] {logging_mixin.py:188} INFO - [2024-05-03T21:12:42.363+0000] {dagbag.py:540} INFO - Filling up the DagBag from /home/airflow/.local/lib/python3.12/site-packages/airflow/example_dags/example_subdag_operator.py
[2024-05-03T21:12:42.378+0000] {processor.py:840} INFO - DAG(s) 'example_subdag_operator.section-1', 'example_subdag_operator.section-2', 'example_subdag_operator' retrieved from /home/airflow/.local/lib/python3.12/site-packages/airflow/example_dags/example_subdag_operator.py
[2024-05-03T21:12:42.389+0000] {logging_mixin.py:188} INFO - [2024-05-03T21:12:42.388+0000] {dag.py:3096} INFO - Sync 3 DAGs
[2024-05-03T21:12:42.403+0000] {logging_mixin.py:188} INFO - [2024-05-03T21:12:42.403+0000] {dag.py:3954} INFO - Setting next_dagrun for example_subdag_operator to 2022-01-01 00:00:00+00:00, run_after=2022-01-01 00:00:00+00:00
[2024-05-03T21:12:42.406+0000] {logging_mixin.py:188} INFO - [2024-05-03T21:12:42.405+0000] {dag.py:3954} INFO - Setting next_dagrun for example_subdag_operator.section-1 to None, run_after=None
[2024-05-03T21:12:42.407+0000] {logging_mixin.py:188} INFO - [2024-05-03T21:12:42.406+0000] {dag.py:3954} INFO - Setting next_dagrun for example_subdag_operator.section-2 to None, run_after=None
[2024-05-03T21:12:42.411+0000] {logging_mixin.py:188} INFO - [2024-05-03T21:12:42.411+0000] {dag.py:3096} INFO - Sync 2 DAGs
[2024-05-03T21:12:42.415+0000] {logging_mixin.py:188} INFO - [2024-05-03T21:12:42.415+0000] {dag.py:3954} INFO - Setting next_dagrun for example_subdag_operator.section-1 to None, run_after=None
[2024-05-03T21:12:42.415+0000] {logging_mixin.py:188} INFO - [2024-05-03T21:12:42.415+0000] {dag.py:3954} INFO - Setting next_dagrun for example_subdag_operator.section-2 to None, run_after=None
[2024-05-03T21:12:42.422+0000] {processor.py:183} INFO - Processing /home/airflow/.local/lib/python3.12/site-packages/airflow/example_dags/example_subdag_operator.py took 0.063 seconds
[2024-05-03T21:13:13.263+0000] {processor.py:161} INFO - Started process (PID=270) to work on /home/airflow/.local/lib/python3.12/site-packages/airflow/example_dags/example_subdag_operator.py
[2024-05-03T21:13:13.264+0000] {processor.py:830} INFO - Processing file /home/airflow/.local/lib/python3.12/site-packages/airflow/example_dags/example_subdag_operator.py for tasks to queue
[2024-05-03T21:13:13.265+0000] {logging_mixin.py:188} INFO - [2024-05-03T21:13:13.265+0000] {dagbag.py:540} INFO - Filling up the DagBag from /home/airflow/.local/lib/python3.12/site-packages/airflow/example_dags/example_subdag_operator.py
[2024-05-03T21:13:13.281+0000] {processor.py:840} INFO - DAG(s) 'example_subdag_operator.section-1', 'example_subdag_operator.section-2', 'example_subdag_operator' retrieved from /home/airflow/.local/lib/python3.12/site-packages/airflow/example_dags/example_subdag_operator.py
[2024-05-03T21:13:13.292+0000] {logging_mixin.py:188} INFO - [2024-05-03T21:13:13.292+0000] {dag.py:3096} INFO - Sync 3 DAGs
[2024-05-03T21:13:13.308+0000] {logging_mixin.py:188} INFO - [2024-05-03T21:13:13.308+0000] {dag.py:3954} INFO - Setting next_dagrun for example_subdag_operator to 2022-01-01 00:00:00+00:00, run_after=2022-01-01 00:00:00+00:00
[2024-05-03T21:13:13.310+0000] {logging_mixin.py:188} INFO - [2024-05-03T21:13:13.310+0000] {dag.py:3954} INFO - Setting next_dagrun for example_subdag_operator.section-1 to None, run_after=None
[2024-05-03T21:13:13.311+0000] {logging_mixin.py:188} INFO - [2024-05-03T21:13:13.311+0000] {dag.py:3954} INFO - Setting next_dagrun for example_subdag_operator.section-2 to None, run_after=None
[2024-05-03T21:13:13.316+0000] {logging_mixin.py:188} INFO - [2024-05-03T21:13:13.316+0000] {dag.py:3096} INFO - Sync 2 DAGs
[2024-05-03T21:13:13.320+0000] {logging_mixin.py:188} INFO - [2024-05-03T21:13:13.320+0000] {dag.py:3954} INFO - Setting next_dagrun for example_subdag_operator.section-1 to None, run_after=None
[2024-05-03T21:13:13.320+0000] {logging_mixin.py:188} INFO - [2024-05-03T21:13:13.320+0000] {dag.py:3954} INFO - Setting next_dagrun for example_subdag_operator.section-2 to None, run_after=None
[2024-05-03T21:13:13.328+0000] {processor.py:183} INFO - Processing /home/airflow/.local/lib/python3.12/site-packages/airflow/example_dags/example_subdag_operator.py took 0.069 seconds
