[2024-05-03T21:11:11.038+0000] {processor.py:161} INFO - Started process (PID=51) to work on /home/airflow/.local/lib/python3.12/site-packages/airflow/example_dags/example_datasets.py
[2024-05-03T21:11:11.039+0000] {processor.py:830} INFO - Processing file /home/airflow/.local/lib/python3.12/site-packages/airflow/example_dags/example_datasets.py for tasks to queue
[2024-05-03T21:11:11.040+0000] {logging_mixin.py:188} INFO - [2024-05-03T21:11:11.040+0000] {dagbag.py:540} INFO - Filling up the DagBag from /home/airflow/.local/lib/python3.12/site-packages/airflow/example_dags/example_datasets.py
[2024-05-03T21:11:11.054+0000] {processor.py:840} INFO - DAG(s) 'dataset_consumes_1', 'consume_1_or_both_2_and_3_with_dataset_expressions', 'dataset_consumes_1_and_2', 'dataset_consumes_1_never_scheduled', 'conditional_dataset_and_time_based_timetable', 'consume_1_or_2_with_dataset_expressions', 'dataset_produces_2', 'consume_1_and_2_with_dataset_expressions', 'dataset_consumes_unknown_never_scheduled', 'dataset_produces_1' retrieved from /home/airflow/.local/lib/python3.12/site-packages/airflow/example_dags/example_datasets.py
[2024-05-03T21:11:11.067+0000] {logging_mixin.py:188} INFO - [2024-05-03T21:11:11.067+0000] {dag.py:3096} INFO - Sync 10 DAGs
[2024-05-03T21:11:11.088+0000] {logging_mixin.py:188} INFO - [2024-05-03T21:11:11.087+0000] {dag.py:3954} INFO - Setting next_dagrun for conditional_dataset_and_time_based_timetable to 2024-05-01 01:00:00+00:00, run_after=2024-05-01 01:00:00+00:00
[2024-05-03T21:11:11.090+0000] {logging_mixin.py:188} INFO - [2024-05-03T21:11:11.090+0000] {dag.py:3954} INFO - Setting next_dagrun for consume_1_and_2_with_dataset_expressions to None, run_after=None
[2024-05-03T21:11:11.091+0000] {logging_mixin.py:188} INFO - [2024-05-03T21:11:11.091+0000] {dag.py:3954} INFO - Setting next_dagrun for consume_1_or_2_with_dataset_expressions to None, run_after=None
[2024-05-03T21:11:11.092+0000] {logging_mixin.py:188} INFO - [2024-05-03T21:11:11.092+0000] {dag.py:3954} INFO - Setting next_dagrun for consume_1_or_both_2_and_3_with_dataset_expressions to None, run_after=None
[2024-05-03T21:11:11.093+0000] {logging_mixin.py:188} INFO - [2024-05-03T21:11:11.093+0000] {dag.py:3954} INFO - Setting next_dagrun for dataset_consumes_1 to None, run_after=None
[2024-05-03T21:11:11.094+0000] {logging_mixin.py:188} INFO - [2024-05-03T21:11:11.094+0000] {dag.py:3954} INFO - Setting next_dagrun for dataset_consumes_1_and_2 to None, run_after=None
[2024-05-03T21:11:11.095+0000] {logging_mixin.py:188} INFO - [2024-05-03T21:11:11.095+0000] {dag.py:3954} INFO - Setting next_dagrun for dataset_consumes_1_never_scheduled to None, run_after=None
[2024-05-03T21:11:11.096+0000] {logging_mixin.py:188} INFO - [2024-05-03T21:11:11.096+0000] {dag.py:3954} INFO - Setting next_dagrun for dataset_consumes_unknown_never_scheduled to None, run_after=None
[2024-05-03T21:11:11.098+0000] {logging_mixin.py:188} INFO - [2024-05-03T21:11:11.098+0000] {dag.py:3954} INFO - Setting next_dagrun for dataset_produces_1 to 2024-05-02 00:00:00+00:00, run_after=2024-05-03 00:00:00+00:00
[2024-05-03T21:11:11.099+0000] {logging_mixin.py:188} INFO - [2024-05-03T21:11:11.099+0000] {dag.py:3954} INFO - Setting next_dagrun for dataset_produces_2 to None, run_after=None
[2024-05-03T21:11:11.124+0000] {processor.py:183} INFO - Processing /home/airflow/.local/lib/python3.12/site-packages/airflow/example_dags/example_datasets.py took 0.090 seconds
[2024-05-03T21:11:42.540+0000] {processor.py:161} INFO - Started process (PID=109) to work on /home/airflow/.local/lib/python3.12/site-packages/airflow/example_dags/example_datasets.py
[2024-05-03T21:11:42.541+0000] {processor.py:830} INFO - Processing file /home/airflow/.local/lib/python3.12/site-packages/airflow/example_dags/example_datasets.py for tasks to queue
[2024-05-03T21:11:42.542+0000] {logging_mixin.py:188} INFO - [2024-05-03T21:11:42.542+0000] {dagbag.py:540} INFO - Filling up the DagBag from /home/airflow/.local/lib/python3.12/site-packages/airflow/example_dags/example_datasets.py
[2024-05-03T21:11:42.551+0000] {processor.py:840} INFO - DAG(s) 'dataset_consumes_1_and_2', 'consume_1_or_2_with_dataset_expressions', 'dataset_produces_1', 'dataset_consumes_1_never_scheduled', 'consume_1_and_2_with_dataset_expressions', 'dataset_consumes_unknown_never_scheduled', 'conditional_dataset_and_time_based_timetable', 'dataset_produces_2', 'dataset_consumes_1', 'consume_1_or_both_2_and_3_with_dataset_expressions' retrieved from /home/airflow/.local/lib/python3.12/site-packages/airflow/example_dags/example_datasets.py
[2024-05-03T21:11:42.693+0000] {logging_mixin.py:188} INFO - [2024-05-03T21:11:42.693+0000] {dag.py:3096} INFO - Sync 10 DAGs
[2024-05-03T21:11:42.710+0000] {logging_mixin.py:188} INFO - [2024-05-03T21:11:42.710+0000] {dag.py:3954} INFO - Setting next_dagrun for conditional_dataset_and_time_based_timetable to 2024-05-01 01:00:00+00:00, run_after=2024-05-01 01:00:00+00:00
[2024-05-03T21:11:42.713+0000] {logging_mixin.py:188} INFO - [2024-05-03T21:11:42.712+0000] {dag.py:3954} INFO - Setting next_dagrun for consume_1_and_2_with_dataset_expressions to None, run_after=None
[2024-05-03T21:11:42.714+0000] {logging_mixin.py:188} INFO - [2024-05-03T21:11:42.714+0000] {dag.py:3954} INFO - Setting next_dagrun for consume_1_or_2_with_dataset_expressions to None, run_after=None
[2024-05-03T21:11:42.715+0000] {logging_mixin.py:188} INFO - [2024-05-03T21:11:42.715+0000] {dag.py:3954} INFO - Setting next_dagrun for consume_1_or_both_2_and_3_with_dataset_expressions to None, run_after=None
[2024-05-03T21:11:42.716+0000] {logging_mixin.py:188} INFO - [2024-05-03T21:11:42.716+0000] {dag.py:3954} INFO - Setting next_dagrun for dataset_consumes_1 to None, run_after=None
[2024-05-03T21:11:42.717+0000] {logging_mixin.py:188} INFO - [2024-05-03T21:11:42.716+0000] {dag.py:3954} INFO - Setting next_dagrun for dataset_consumes_1_and_2 to None, run_after=None
[2024-05-03T21:11:42.717+0000] {logging_mixin.py:188} INFO - [2024-05-03T21:11:42.717+0000] {dag.py:3954} INFO - Setting next_dagrun for dataset_consumes_1_never_scheduled to None, run_after=None
[2024-05-03T21:11:42.718+0000] {logging_mixin.py:188} INFO - [2024-05-03T21:11:42.718+0000] {dag.py:3954} INFO - Setting next_dagrun for dataset_consumes_unknown_never_scheduled to None, run_after=None
[2024-05-03T21:11:42.720+0000] {logging_mixin.py:188} INFO - [2024-05-03T21:11:42.720+0000] {dag.py:3954} INFO - Setting next_dagrun for dataset_produces_1 to 2024-05-02 00:00:00+00:00, run_after=2024-05-03 00:00:00+00:00
[2024-05-03T21:11:42.721+0000] {logging_mixin.py:188} INFO - [2024-05-03T21:11:42.721+0000] {dag.py:3954} INFO - Setting next_dagrun for dataset_produces_2 to None, run_after=None
[2024-05-03T21:11:42.746+0000] {processor.py:183} INFO - Processing /home/airflow/.local/lib/python3.12/site-packages/airflow/example_dags/example_datasets.py took 0.209 seconds
[2024-05-03T21:12:13.680+0000] {processor.py:161} INFO - Started process (PID=167) to work on /home/airflow/.local/lib/python3.12/site-packages/airflow/example_dags/example_datasets.py
[2024-05-03T21:12:13.681+0000] {processor.py:830} INFO - Processing file /home/airflow/.local/lib/python3.12/site-packages/airflow/example_dags/example_datasets.py for tasks to queue
[2024-05-03T21:12:13.682+0000] {logging_mixin.py:188} INFO - [2024-05-03T21:12:13.682+0000] {dagbag.py:540} INFO - Filling up the DagBag from /home/airflow/.local/lib/python3.12/site-packages/airflow/example_dags/example_datasets.py
[2024-05-03T21:12:13.691+0000] {processor.py:840} INFO - DAG(s) 'conditional_dataset_and_time_based_timetable', 'dataset_produces_1', 'dataset_consumes_1', 'consume_1_or_both_2_and_3_with_dataset_expressions', 'dataset_consumes_1_and_2', 'dataset_consumes_unknown_never_scheduled', 'dataset_produces_2', 'dataset_consumes_1_never_scheduled', 'consume_1_or_2_with_dataset_expressions', 'consume_1_and_2_with_dataset_expressions' retrieved from /home/airflow/.local/lib/python3.12/site-packages/airflow/example_dags/example_datasets.py
[2024-05-03T21:12:13.723+0000] {logging_mixin.py:188} INFO - [2024-05-03T21:12:13.723+0000] {dag.py:3096} INFO - Sync 10 DAGs
[2024-05-03T21:12:13.740+0000] {logging_mixin.py:188} INFO - [2024-05-03T21:12:13.740+0000] {dag.py:3954} INFO - Setting next_dagrun for conditional_dataset_and_time_based_timetable to 2024-05-01 01:00:00+00:00, run_after=2024-05-01 01:00:00+00:00
[2024-05-03T21:12:13.743+0000] {logging_mixin.py:188} INFO - [2024-05-03T21:12:13.743+0000] {dag.py:3954} INFO - Setting next_dagrun for consume_1_and_2_with_dataset_expressions to None, run_after=None
[2024-05-03T21:12:13.744+0000] {logging_mixin.py:188} INFO - [2024-05-03T21:12:13.744+0000] {dag.py:3954} INFO - Setting next_dagrun for consume_1_or_2_with_dataset_expressions to None, run_after=None
[2024-05-03T21:12:13.745+0000] {logging_mixin.py:188} INFO - [2024-05-03T21:12:13.745+0000] {dag.py:3954} INFO - Setting next_dagrun for consume_1_or_both_2_and_3_with_dataset_expressions to None, run_after=None
[2024-05-03T21:12:13.746+0000] {logging_mixin.py:188} INFO - [2024-05-03T21:12:13.746+0000] {dag.py:3954} INFO - Setting next_dagrun for dataset_consumes_1 to None, run_after=None
[2024-05-03T21:12:13.747+0000] {logging_mixin.py:188} INFO - [2024-05-03T21:12:13.747+0000] {dag.py:3954} INFO - Setting next_dagrun for dataset_consumes_1_and_2 to None, run_after=None
[2024-05-03T21:12:13.748+0000] {logging_mixin.py:188} INFO - [2024-05-03T21:12:13.748+0000] {dag.py:3954} INFO - Setting next_dagrun for dataset_consumes_1_never_scheduled to None, run_after=None
[2024-05-03T21:12:13.749+0000] {logging_mixin.py:188} INFO - [2024-05-03T21:12:13.749+0000] {dag.py:3954} INFO - Setting next_dagrun for dataset_consumes_unknown_never_scheduled to None, run_after=None
[2024-05-03T21:12:13.751+0000] {logging_mixin.py:188} INFO - [2024-05-03T21:12:13.751+0000] {dag.py:3954} INFO - Setting next_dagrun for dataset_produces_1 to 2024-05-02 00:00:00+00:00, run_after=2024-05-03 00:00:00+00:00
[2024-05-03T21:12:13.752+0000] {logging_mixin.py:188} INFO - [2024-05-03T21:12:13.752+0000] {dag.py:3954} INFO - Setting next_dagrun for dataset_produces_2 to None, run_after=None
[2024-05-03T21:12:13.774+0000] {processor.py:183} INFO - Processing /home/airflow/.local/lib/python3.12/site-packages/airflow/example_dags/example_datasets.py took 0.097 seconds
[2024-05-03T21:12:43.823+0000] {processor.py:161} INFO - Started process (PID=226) to work on /home/airflow/.local/lib/python3.12/site-packages/airflow/example_dags/example_datasets.py
[2024-05-03T21:12:43.824+0000] {processor.py:830} INFO - Processing file /home/airflow/.local/lib/python3.12/site-packages/airflow/example_dags/example_datasets.py for tasks to queue
[2024-05-03T21:12:43.825+0000] {logging_mixin.py:188} INFO - [2024-05-03T21:12:43.824+0000] {dagbag.py:540} INFO - Filling up the DagBag from /home/airflow/.local/lib/python3.12/site-packages/airflow/example_dags/example_datasets.py
[2024-05-03T21:12:43.834+0000] {processor.py:840} INFO - DAG(s) 'dataset_consumes_1_never_scheduled', 'dataset_consumes_1_and_2', 'dataset_produces_2', 'dataset_consumes_unknown_never_scheduled', 'dataset_consumes_1', 'consume_1_and_2_with_dataset_expressions', 'consume_1_or_2_with_dataset_expressions', 'consume_1_or_both_2_and_3_with_dataset_expressions', 'dataset_produces_1', 'conditional_dataset_and_time_based_timetable' retrieved from /home/airflow/.local/lib/python3.12/site-packages/airflow/example_dags/example_datasets.py
[2024-05-03T21:12:43.867+0000] {logging_mixin.py:188} INFO - [2024-05-03T21:12:43.866+0000] {dag.py:3096} INFO - Sync 10 DAGs
[2024-05-03T21:12:43.885+0000] {logging_mixin.py:188} INFO - [2024-05-03T21:12:43.884+0000] {dag.py:3954} INFO - Setting next_dagrun for conditional_dataset_and_time_based_timetable to 2024-05-01 01:00:00+00:00, run_after=2024-05-01 01:00:00+00:00
[2024-05-03T21:12:43.888+0000] {logging_mixin.py:188} INFO - [2024-05-03T21:12:43.887+0000] {dag.py:3954} INFO - Setting next_dagrun for consume_1_and_2_with_dataset_expressions to None, run_after=None
[2024-05-03T21:12:43.889+0000] {logging_mixin.py:188} INFO - [2024-05-03T21:12:43.888+0000] {dag.py:3954} INFO - Setting next_dagrun for consume_1_or_2_with_dataset_expressions to None, run_after=None
[2024-05-03T21:12:43.890+0000] {logging_mixin.py:188} INFO - [2024-05-03T21:12:43.889+0000] {dag.py:3954} INFO - Setting next_dagrun for consume_1_or_both_2_and_3_with_dataset_expressions to None, run_after=None
[2024-05-03T21:12:43.890+0000] {logging_mixin.py:188} INFO - [2024-05-03T21:12:43.890+0000] {dag.py:3954} INFO - Setting next_dagrun for dataset_consumes_1 to None, run_after=None
[2024-05-03T21:12:43.891+0000] {logging_mixin.py:188} INFO - [2024-05-03T21:12:43.891+0000] {dag.py:3954} INFO - Setting next_dagrun for dataset_consumes_1_and_2 to None, run_after=None
[2024-05-03T21:12:43.892+0000] {logging_mixin.py:188} INFO - [2024-05-03T21:12:43.892+0000] {dag.py:3954} INFO - Setting next_dagrun for dataset_consumes_1_never_scheduled to None, run_after=None
[2024-05-03T21:12:43.893+0000] {logging_mixin.py:188} INFO - [2024-05-03T21:12:43.893+0000] {dag.py:3954} INFO - Setting next_dagrun for dataset_consumes_unknown_never_scheduled to None, run_after=None
[2024-05-03T21:12:43.895+0000] {logging_mixin.py:188} INFO - [2024-05-03T21:12:43.895+0000] {dag.py:3954} INFO - Setting next_dagrun for dataset_produces_1 to 2024-05-02 00:00:00+00:00, run_after=2024-05-03 00:00:00+00:00
[2024-05-03T21:12:43.896+0000] {logging_mixin.py:188} INFO - [2024-05-03T21:12:43.896+0000] {dag.py:3954} INFO - Setting next_dagrun for dataset_produces_2 to None, run_after=None
[2024-05-03T21:12:43.918+0000] {processor.py:183} INFO - Processing /home/airflow/.local/lib/python3.12/site-packages/airflow/example_dags/example_datasets.py took 0.099 seconds
[2024-05-03T21:13:14.692+0000] {processor.py:161} INFO - Started process (PID=283) to work on /home/airflow/.local/lib/python3.12/site-packages/airflow/example_dags/example_datasets.py
[2024-05-03T21:13:14.693+0000] {processor.py:830} INFO - Processing file /home/airflow/.local/lib/python3.12/site-packages/airflow/example_dags/example_datasets.py for tasks to queue
[2024-05-03T21:13:14.694+0000] {logging_mixin.py:188} INFO - [2024-05-03T21:13:14.694+0000] {dagbag.py:540} INFO - Filling up the DagBag from /home/airflow/.local/lib/python3.12/site-packages/airflow/example_dags/example_datasets.py
[2024-05-03T21:13:14.707+0000] {processor.py:840} INFO - DAG(s) 'consume_1_and_2_with_dataset_expressions', 'dataset_consumes_1', 'dataset_produces_2', 'dataset_produces_1', 'consume_1_or_both_2_and_3_with_dataset_expressions', 'dataset_consumes_1_never_scheduled', 'conditional_dataset_and_time_based_timetable', 'dataset_consumes_1_and_2', 'dataset_consumes_unknown_never_scheduled', 'consume_1_or_2_with_dataset_expressions' retrieved from /home/airflow/.local/lib/python3.12/site-packages/airflow/example_dags/example_datasets.py
[2024-05-03T21:13:14.748+0000] {logging_mixin.py:188} INFO - [2024-05-03T21:13:14.747+0000] {dag.py:3096} INFO - Sync 10 DAGs
[2024-05-03T21:13:14.770+0000] {logging_mixin.py:188} INFO - [2024-05-03T21:13:14.770+0000] {dag.py:3954} INFO - Setting next_dagrun for conditional_dataset_and_time_based_timetable to 2024-05-01 01:00:00+00:00, run_after=2024-05-01 01:00:00+00:00
[2024-05-03T21:13:14.773+0000] {logging_mixin.py:188} INFO - [2024-05-03T21:13:14.773+0000] {dag.py:3954} INFO - Setting next_dagrun for consume_1_and_2_with_dataset_expressions to None, run_after=None
[2024-05-03T21:13:14.774+0000] {logging_mixin.py:188} INFO - [2024-05-03T21:13:14.774+0000] {dag.py:3954} INFO - Setting next_dagrun for consume_1_or_2_with_dataset_expressions to None, run_after=None
[2024-05-03T21:13:14.775+0000] {logging_mixin.py:188} INFO - [2024-05-03T21:13:14.775+0000] {dag.py:3954} INFO - Setting next_dagrun for consume_1_or_both_2_and_3_with_dataset_expressions to None, run_after=None
[2024-05-03T21:13:14.776+0000] {logging_mixin.py:188} INFO - [2024-05-03T21:13:14.776+0000] {dag.py:3954} INFO - Setting next_dagrun for dataset_consumes_1 to None, run_after=None
[2024-05-03T21:13:14.777+0000] {logging_mixin.py:188} INFO - [2024-05-03T21:13:14.777+0000] {dag.py:3954} INFO - Setting next_dagrun for dataset_consumes_1_and_2 to None, run_after=None
[2024-05-03T21:13:14.778+0000] {logging_mixin.py:188} INFO - [2024-05-03T21:13:14.778+0000] {dag.py:3954} INFO - Setting next_dagrun for dataset_consumes_1_never_scheduled to None, run_after=None
[2024-05-03T21:13:14.779+0000] {logging_mixin.py:188} INFO - [2024-05-03T21:13:14.779+0000] {dag.py:3954} INFO - Setting next_dagrun for dataset_consumes_unknown_never_scheduled to None, run_after=None
[2024-05-03T21:13:14.781+0000] {logging_mixin.py:188} INFO - [2024-05-03T21:13:14.781+0000] {dag.py:3954} INFO - Setting next_dagrun for dataset_produces_1 to 2024-05-02 00:00:00+00:00, run_after=2024-05-03 00:00:00+00:00
[2024-05-03T21:13:14.782+0000] {logging_mixin.py:188} INFO - [2024-05-03T21:13:14.782+0000] {dag.py:3954} INFO - Setting next_dagrun for dataset_produces_2 to None, run_after=None
[2024-05-03T21:13:14.809+0000] {processor.py:183} INFO - Processing /home/airflow/.local/lib/python3.12/site-packages/airflow/example_dags/example_datasets.py took 0.121 seconds
