[2024-05-03T21:11:11.733+0000] {processor.py:161} INFO - Started process (PID=70) to work on /home/airflow/.local/lib/python3.12/site-packages/airflow/example_dags/example_bash_operator.py
[2024-05-03T21:11:11.733+0000] {processor.py:830} INFO - Processing file /home/airflow/.local/lib/python3.12/site-packages/airflow/example_dags/example_bash_operator.py for tasks to queue
[2024-05-03T21:11:11.734+0000] {logging_mixin.py:188} INFO - [2024-05-03T21:11:11.734+0000] {dagbag.py:540} INFO - Filling up the DagBag from /home/airflow/.local/lib/python3.12/site-packages/airflow/example_dags/example_bash_operator.py
[2024-05-03T21:11:11.742+0000] {processor.py:840} INFO - DAG(s) 'example_bash_operator' retrieved from /home/airflow/.local/lib/python3.12/site-packages/airflow/example_dags/example_bash_operator.py
[2024-05-03T21:11:11.750+0000] {logging_mixin.py:188} INFO - [2024-05-03T21:11:11.750+0000] {dag.py:3096} INFO - Sync 1 DAGs
[2024-05-03T21:11:11.767+0000] {logging_mixin.py:188} INFO - [2024-05-03T21:11:11.767+0000] {dag.py:3954} INFO - Setting next_dagrun for example_bash_operator to 2024-05-02 00:00:00+00:00, run_after=2024-05-03 00:00:00+00:00
[2024-05-03T21:11:11.780+0000] {processor.py:183} INFO - Processing /home/airflow/.local/lib/python3.12/site-packages/airflow/example_dags/example_bash_operator.py took 0.051 seconds
[2024-05-03T21:11:44.066+0000] {processor.py:161} INFO - Started process (PID=128) to work on /home/airflow/.local/lib/python3.12/site-packages/airflow/example_dags/example_bash_operator.py
[2024-05-03T21:11:44.067+0000] {processor.py:830} INFO - Processing file /home/airflow/.local/lib/python3.12/site-packages/airflow/example_dags/example_bash_operator.py for tasks to queue
[2024-05-03T21:11:44.068+0000] {logging_mixin.py:188} INFO - [2024-05-03T21:11:44.068+0000] {dagbag.py:540} INFO - Filling up the DagBag from /home/airflow/.local/lib/python3.12/site-packages/airflow/example_dags/example_bash_operator.py
[2024-05-03T21:11:44.076+0000] {processor.py:840} INFO - DAG(s) 'example_bash_operator' retrieved from /home/airflow/.local/lib/python3.12/site-packages/airflow/example_dags/example_bash_operator.py
[2024-05-03T21:11:44.152+0000] {logging_mixin.py:188} INFO - [2024-05-03T21:11:44.152+0000] {dag.py:3096} INFO - Sync 1 DAGs
[2024-05-03T21:11:44.167+0000] {logging_mixin.py:188} INFO - [2024-05-03T21:11:44.167+0000] {dag.py:3954} INFO - Setting next_dagrun for example_bash_operator to 2024-05-02 00:00:00+00:00, run_after=2024-05-03 00:00:00+00:00
[2024-05-03T21:11:44.179+0000] {processor.py:183} INFO - Processing /home/airflow/.local/lib/python3.12/site-packages/airflow/example_dags/example_bash_operator.py took 0.116 seconds
[2024-05-03T21:12:14.331+0000] {processor.py:161} INFO - Started process (PID=186) to work on /home/airflow/.local/lib/python3.12/site-packages/airflow/example_dags/example_bash_operator.py
[2024-05-03T21:12:14.332+0000] {processor.py:830} INFO - Processing file /home/airflow/.local/lib/python3.12/site-packages/airflow/example_dags/example_bash_operator.py for tasks to queue
[2024-05-03T21:12:14.333+0000] {logging_mixin.py:188} INFO - [2024-05-03T21:12:14.333+0000] {dagbag.py:540} INFO - Filling up the DagBag from /home/airflow/.local/lib/python3.12/site-packages/airflow/example_dags/example_bash_operator.py
[2024-05-03T21:12:14.340+0000] {processor.py:840} INFO - DAG(s) 'example_bash_operator' retrieved from /home/airflow/.local/lib/python3.12/site-packages/airflow/example_dags/example_bash_operator.py
[2024-05-03T21:12:14.360+0000] {logging_mixin.py:188} INFO - [2024-05-03T21:12:14.359+0000] {dag.py:3096} INFO - Sync 1 DAGs
[2024-05-03T21:12:14.376+0000] {logging_mixin.py:188} INFO - [2024-05-03T21:12:14.375+0000] {dag.py:3954} INFO - Setting next_dagrun for example_bash_operator to 2024-05-02 00:00:00+00:00, run_after=2024-05-03 00:00:00+00:00
[2024-05-03T21:12:14.387+0000] {processor.py:183} INFO - Processing /home/airflow/.local/lib/python3.12/site-packages/airflow/example_dags/example_bash_operator.py took 0.060 seconds
[2024-05-03T21:12:44.486+0000] {processor.py:161} INFO - Started process (PID=244) to work on /home/airflow/.local/lib/python3.12/site-packages/airflow/example_dags/example_bash_operator.py
[2024-05-03T21:12:44.487+0000] {processor.py:830} INFO - Processing file /home/airflow/.local/lib/python3.12/site-packages/airflow/example_dags/example_bash_operator.py for tasks to queue
[2024-05-03T21:12:44.488+0000] {logging_mixin.py:188} INFO - [2024-05-03T21:12:44.488+0000] {dagbag.py:540} INFO - Filling up the DagBag from /home/airflow/.local/lib/python3.12/site-packages/airflow/example_dags/example_bash_operator.py
[2024-05-03T21:12:44.495+0000] {processor.py:840} INFO - DAG(s) 'example_bash_operator' retrieved from /home/airflow/.local/lib/python3.12/site-packages/airflow/example_dags/example_bash_operator.py
[2024-05-03T21:12:44.514+0000] {logging_mixin.py:188} INFO - [2024-05-03T21:12:44.513+0000] {dag.py:3096} INFO - Sync 1 DAGs
[2024-05-03T21:12:44.529+0000] {logging_mixin.py:188} INFO - [2024-05-03T21:12:44.529+0000] {dag.py:3954} INFO - Setting next_dagrun for example_bash_operator to 2024-05-02 00:00:00+00:00, run_after=2024-05-03 00:00:00+00:00
[2024-05-03T21:12:44.541+0000] {processor.py:183} INFO - Processing /home/airflow/.local/lib/python3.12/site-packages/airflow/example_dags/example_bash_operator.py took 0.058 seconds
[2024-05-03T21:13:15.523+0000] {processor.py:161} INFO - Started process (PID=302) to work on /home/airflow/.local/lib/python3.12/site-packages/airflow/example_dags/example_bash_operator.py
[2024-05-03T21:13:15.524+0000] {processor.py:830} INFO - Processing file /home/airflow/.local/lib/python3.12/site-packages/airflow/example_dags/example_bash_operator.py for tasks to queue
[2024-05-03T21:13:15.525+0000] {logging_mixin.py:188} INFO - [2024-05-03T21:13:15.525+0000] {dagbag.py:540} INFO - Filling up the DagBag from /home/airflow/.local/lib/python3.12/site-packages/airflow/example_dags/example_bash_operator.py
[2024-05-03T21:13:15.534+0000] {processor.py:840} INFO - DAG(s) 'example_bash_operator' retrieved from /home/airflow/.local/lib/python3.12/site-packages/airflow/example_dags/example_bash_operator.py
[2024-05-03T21:13:15.557+0000] {logging_mixin.py:188} INFO - [2024-05-03T21:13:15.557+0000] {dag.py:3096} INFO - Sync 1 DAGs
[2024-05-03T21:13:15.781+0000] {logging_mixin.py:188} INFO - [2024-05-03T21:13:15.781+0000] {process_utils.py:263} INFO - Waiting up to 5 seconds for processes to exit...
