[2024-05-03T21:11:10.883+0000] {processor.py:161} INFO - Started process (PID=46) to work on /home/airflow/.local/lib/python3.12/site-packages/airflow/example_dags/example_skip_dag.py
[2024-05-03T21:11:10.884+0000] {processor.py:830} INFO - Processing file /home/airflow/.local/lib/python3.12/site-packages/airflow/example_dags/example_skip_dag.py for tasks to queue
[2024-05-03T21:11:10.885+0000] {logging_mixin.py:188} INFO - [2024-05-03T21:11:10.885+0000] {dagbag.py:540} INFO - Filling up the DagBag from /home/airflow/.local/lib/python3.12/site-packages/airflow/example_dags/example_skip_dag.py
[2024-05-03T21:11:10.890+0000] {processor.py:840} INFO - DAG(s) 'example_skip_dag' retrieved from /home/airflow/.local/lib/python3.12/site-packages/airflow/example_dags/example_skip_dag.py
[2024-05-03T21:11:10.897+0000] {logging_mixin.py:188} INFO - [2024-05-03T21:11:10.897+0000] {dag.py:3096} INFO - Sync 1 DAGs
[2024-05-03T21:11:10.916+0000] {logging_mixin.py:188} INFO - [2024-05-03T21:11:10.916+0000] {dag.py:3954} INFO - Setting next_dagrun for example_skip_dag to 2024-05-02 00:00:00+00:00, run_after=2024-05-03 00:00:00+00:00
[2024-05-03T21:11:10.930+0000] {processor.py:183} INFO - Processing /home/airflow/.local/lib/python3.12/site-packages/airflow/example_dags/example_skip_dag.py took 0.050 seconds
[2024-05-03T21:11:42.242+0000] {processor.py:161} INFO - Started process (PID=104) to work on /home/airflow/.local/lib/python3.12/site-packages/airflow/example_dags/example_skip_dag.py
[2024-05-03T21:11:42.242+0000] {processor.py:830} INFO - Processing file /home/airflow/.local/lib/python3.12/site-packages/airflow/example_dags/example_skip_dag.py for tasks to queue
[2024-05-03T21:11:42.243+0000] {logging_mixin.py:188} INFO - [2024-05-03T21:11:42.243+0000] {dagbag.py:540} INFO - Filling up the DagBag from /home/airflow/.local/lib/python3.12/site-packages/airflow/example_dags/example_skip_dag.py
[2024-05-03T21:11:42.247+0000] {processor.py:840} INFO - DAG(s) 'example_skip_dag' retrieved from /home/airflow/.local/lib/python3.12/site-packages/airflow/example_dags/example_skip_dag.py
[2024-05-03T21:11:42.323+0000] {logging_mixin.py:188} INFO - [2024-05-03T21:11:42.323+0000] {dag.py:3096} INFO - Sync 1 DAGs
[2024-05-03T21:11:42.337+0000] {logging_mixin.py:188} INFO - [2024-05-03T21:11:42.337+0000] {dag.py:3954} INFO - Setting next_dagrun for example_skip_dag to 2024-05-02 00:00:00+00:00, run_after=2024-05-03 00:00:00+00:00
[2024-05-03T21:11:42.351+0000] {processor.py:183} INFO - Processing /home/airflow/.local/lib/python3.12/site-packages/airflow/example_dags/example_skip_dag.py took 0.112 seconds
[2024-05-03T21:12:12.459+0000] {processor.py:161} INFO - Started process (PID=162) to work on /home/airflow/.local/lib/python3.12/site-packages/airflow/example_dags/example_skip_dag.py
[2024-05-03T21:12:12.459+0000] {processor.py:830} INFO - Processing file /home/airflow/.local/lib/python3.12/site-packages/airflow/example_dags/example_skip_dag.py for tasks to queue
[2024-05-03T21:12:12.461+0000] {logging_mixin.py:188} INFO - [2024-05-03T21:12:12.460+0000] {dagbag.py:540} INFO - Filling up the DagBag from /home/airflow/.local/lib/python3.12/site-packages/airflow/example_dags/example_skip_dag.py
[2024-05-03T21:12:12.465+0000] {processor.py:840} INFO - DAG(s) 'example_skip_dag' retrieved from /home/airflow/.local/lib/python3.12/site-packages/airflow/example_dags/example_skip_dag.py
[2024-05-03T21:12:12.478+0000] {logging_mixin.py:188} INFO - [2024-05-03T21:12:12.478+0000] {dag.py:3096} INFO - Sync 1 DAGs
[2024-05-03T21:12:12.493+0000] {logging_mixin.py:188} INFO - [2024-05-03T21:12:12.493+0000] {dag.py:3954} INFO - Setting next_dagrun for example_skip_dag to 2024-05-02 00:00:00+00:00, run_after=2024-05-03 00:00:00+00:00
[2024-05-03T21:12:12.505+0000] {processor.py:183} INFO - Processing /home/airflow/.local/lib/python3.12/site-packages/airflow/example_dags/example_skip_dag.py took 0.050 seconds
[2024-05-03T21:12:42.610+0000] {processor.py:161} INFO - Started process (PID=220) to work on /home/airflow/.local/lib/python3.12/site-packages/airflow/example_dags/example_skip_dag.py
[2024-05-03T21:12:42.611+0000] {processor.py:830} INFO - Processing file /home/airflow/.local/lib/python3.12/site-packages/airflow/example_dags/example_skip_dag.py for tasks to queue
[2024-05-03T21:12:42.612+0000] {logging_mixin.py:188} INFO - [2024-05-03T21:12:42.612+0000] {dagbag.py:540} INFO - Filling up the DagBag from /home/airflow/.local/lib/python3.12/site-packages/airflow/example_dags/example_skip_dag.py
[2024-05-03T21:12:42.616+0000] {processor.py:840} INFO - DAG(s) 'example_skip_dag' retrieved from /home/airflow/.local/lib/python3.12/site-packages/airflow/example_dags/example_skip_dag.py
[2024-05-03T21:12:42.629+0000] {logging_mixin.py:188} INFO - [2024-05-03T21:12:42.629+0000] {dag.py:3096} INFO - Sync 1 DAGs
[2024-05-03T21:12:42.644+0000] {logging_mixin.py:188} INFO - [2024-05-03T21:12:42.644+0000] {dag.py:3954} INFO - Setting next_dagrun for example_skip_dag to 2024-05-02 00:00:00+00:00, run_after=2024-05-03 00:00:00+00:00
[2024-05-03T21:12:42.656+0000] {processor.py:183} INFO - Processing /home/airflow/.local/lib/python3.12/site-packages/airflow/example_dags/example_skip_dag.py took 0.050 seconds
[2024-05-03T21:13:13.533+0000] {processor.py:161} INFO - Started process (PID=278) to work on /home/airflow/.local/lib/python3.12/site-packages/airflow/example_dags/example_skip_dag.py
[2024-05-03T21:13:13.534+0000] {processor.py:830} INFO - Processing file /home/airflow/.local/lib/python3.12/site-packages/airflow/example_dags/example_skip_dag.py for tasks to queue
[2024-05-03T21:13:13.535+0000] {logging_mixin.py:188} INFO - [2024-05-03T21:13:13.535+0000] {dagbag.py:540} INFO - Filling up the DagBag from /home/airflow/.local/lib/python3.12/site-packages/airflow/example_dags/example_skip_dag.py
[2024-05-03T21:13:13.540+0000] {processor.py:840} INFO - DAG(s) 'example_skip_dag' retrieved from /home/airflow/.local/lib/python3.12/site-packages/airflow/example_dags/example_skip_dag.py
[2024-05-03T21:13:13.558+0000] {logging_mixin.py:188} INFO - [2024-05-03T21:13:13.558+0000] {dag.py:3096} INFO - Sync 1 DAGs
[2024-05-03T21:13:13.573+0000] {logging_mixin.py:188} INFO - [2024-05-03T21:13:13.573+0000] {dag.py:3954} INFO - Setting next_dagrun for example_skip_dag to 2024-05-02 00:00:00+00:00, run_after=2024-05-03 00:00:00+00:00
[2024-05-03T21:13:13.586+0000] {processor.py:183} INFO - Processing /home/airflow/.local/lib/python3.12/site-packages/airflow/example_dags/example_skip_dag.py took 0.057 seconds
