[2024-05-03T21:11:11.666+0000] {processor.py:161} INFO - Started process (PID=69) to work on /home/airflow/.local/lib/python3.12/site-packages/airflow/example_dags/example_latest_only.py
[2024-05-03T21:11:11.667+0000] {processor.py:830} INFO - Processing file /home/airflow/.local/lib/python3.12/site-packages/airflow/example_dags/example_latest_only.py for tasks to queue
[2024-05-03T21:11:11.669+0000] {logging_mixin.py:188} INFO - [2024-05-03T21:11:11.669+0000] {dagbag.py:540} INFO - Filling up the DagBag from /home/airflow/.local/lib/python3.12/site-packages/airflow/example_dags/example_latest_only.py
[2024-05-03T21:11:11.673+0000] {processor.py:840} INFO - DAG(s) 'latest_only' retrieved from /home/airflow/.local/lib/python3.12/site-packages/airflow/example_dags/example_latest_only.py
[2024-05-03T21:11:11.681+0000] {logging_mixin.py:188} INFO - [2024-05-03T21:11:11.681+0000] {dag.py:3096} INFO - Sync 1 DAGs
[2024-05-03T21:11:11.697+0000] {logging_mixin.py:188} INFO - [2024-05-03T21:11:11.697+0000] {dag.py:3954} INFO - Setting next_dagrun for latest_only to 2024-05-03 16:00:00+00:00, run_after=2024-05-03 20:00:00+00:00
[2024-05-03T21:11:11.711+0000] {processor.py:183} INFO - Processing /home/airflow/.local/lib/python3.12/site-packages/airflow/example_dags/example_latest_only.py took 0.048 seconds
[2024-05-03T21:11:43.944+0000] {processor.py:161} INFO - Started process (PID=127) to work on /home/airflow/.local/lib/python3.12/site-packages/airflow/example_dags/example_latest_only.py
[2024-05-03T21:11:43.945+0000] {processor.py:830} INFO - Processing file /home/airflow/.local/lib/python3.12/site-packages/airflow/example_dags/example_latest_only.py for tasks to queue
[2024-05-03T21:11:43.946+0000] {logging_mixin.py:188} INFO - [2024-05-03T21:11:43.945+0000] {dagbag.py:540} INFO - Filling up the DagBag from /home/airflow/.local/lib/python3.12/site-packages/airflow/example_dags/example_latest_only.py
[2024-05-03T21:11:43.949+0000] {processor.py:840} INFO - DAG(s) 'latest_only' retrieved from /home/airflow/.local/lib/python3.12/site-packages/airflow/example_dags/example_latest_only.py
[2024-05-03T21:11:44.019+0000] {logging_mixin.py:188} INFO - [2024-05-03T21:11:44.019+0000] {dag.py:3096} INFO - Sync 1 DAGs
[2024-05-03T21:11:44.034+0000] {logging_mixin.py:188} INFO - [2024-05-03T21:11:44.033+0000] {dag.py:3954} INFO - Setting next_dagrun for latest_only to 2024-05-03 16:00:00+00:00, run_after=2024-05-03 20:00:00+00:00
[2024-05-03T21:11:44.046+0000] {processor.py:183} INFO - Processing /home/airflow/.local/lib/python3.12/site-packages/airflow/example_dags/example_latest_only.py took 0.106 seconds
[2024-05-03T21:12:14.290+0000] {processor.py:161} INFO - Started process (PID=185) to work on /home/airflow/.local/lib/python3.12/site-packages/airflow/example_dags/example_latest_only.py
[2024-05-03T21:12:14.290+0000] {processor.py:830} INFO - Processing file /home/airflow/.local/lib/python3.12/site-packages/airflow/example_dags/example_latest_only.py for tasks to queue
[2024-05-03T21:12:14.292+0000] {logging_mixin.py:188} INFO - [2024-05-03T21:12:14.291+0000] {dagbag.py:540} INFO - Filling up the DagBag from /home/airflow/.local/lib/python3.12/site-packages/airflow/example_dags/example_latest_only.py
[2024-05-03T21:12:14.295+0000] {processor.py:840} INFO - DAG(s) 'latest_only' retrieved from /home/airflow/.local/lib/python3.12/site-packages/airflow/example_dags/example_latest_only.py
[2024-05-03T21:12:14.307+0000] {logging_mixin.py:188} INFO - [2024-05-03T21:12:14.307+0000] {dag.py:3096} INFO - Sync 1 DAGs
[2024-05-03T21:12:14.322+0000] {logging_mixin.py:188} INFO - [2024-05-03T21:12:14.322+0000] {dag.py:3954} INFO - Setting next_dagrun for latest_only to 2024-05-03 16:00:00+00:00, run_after=2024-05-03 20:00:00+00:00
[2024-05-03T21:12:14.335+0000] {processor.py:183} INFO - Processing /home/airflow/.local/lib/python3.12/site-packages/airflow/example_dags/example_latest_only.py took 0.049 seconds
[2024-05-03T21:12:44.469+0000] {processor.py:161} INFO - Started process (PID=243) to work on /home/airflow/.local/lib/python3.12/site-packages/airflow/example_dags/example_latest_only.py
[2024-05-03T21:12:44.469+0000] {processor.py:830} INFO - Processing file /home/airflow/.local/lib/python3.12/site-packages/airflow/example_dags/example_latest_only.py for tasks to queue
[2024-05-03T21:12:44.470+0000] {logging_mixin.py:188} INFO - [2024-05-03T21:12:44.470+0000] {dagbag.py:540} INFO - Filling up the DagBag from /home/airflow/.local/lib/python3.12/site-packages/airflow/example_dags/example_latest_only.py
[2024-05-03T21:12:44.474+0000] {processor.py:840} INFO - DAG(s) 'latest_only' retrieved from /home/airflow/.local/lib/python3.12/site-packages/airflow/example_dags/example_latest_only.py
[2024-05-03T21:12:44.486+0000] {logging_mixin.py:188} INFO - [2024-05-03T21:12:44.486+0000] {dag.py:3096} INFO - Sync 1 DAGs
[2024-05-03T21:12:44.501+0000] {logging_mixin.py:188} INFO - [2024-05-03T21:12:44.500+0000] {dag.py:3954} INFO - Setting next_dagrun for latest_only to 2024-05-03 16:00:00+00:00, run_after=2024-05-03 20:00:00+00:00
[2024-05-03T21:12:44.513+0000] {processor.py:183} INFO - Processing /home/airflow/.local/lib/python3.12/site-packages/airflow/example_dags/example_latest_only.py took 0.047 seconds
[2024-05-03T21:13:15.466+0000] {processor.py:161} INFO - Started process (PID=301) to work on /home/airflow/.local/lib/python3.12/site-packages/airflow/example_dags/example_latest_only.py
[2024-05-03T21:13:15.467+0000] {processor.py:830} INFO - Processing file /home/airflow/.local/lib/python3.12/site-packages/airflow/example_dags/example_latest_only.py for tasks to queue
[2024-05-03T21:13:15.469+0000] {logging_mixin.py:188} INFO - [2024-05-03T21:13:15.468+0000] {dagbag.py:540} INFO - Filling up the DagBag from /home/airflow/.local/lib/python3.12/site-packages/airflow/example_dags/example_latest_only.py
[2024-05-03T21:13:15.473+0000] {processor.py:840} INFO - DAG(s) 'latest_only' retrieved from /home/airflow/.local/lib/python3.12/site-packages/airflow/example_dags/example_latest_only.py
[2024-05-03T21:13:15.491+0000] {logging_mixin.py:188} INFO - [2024-05-03T21:13:15.491+0000] {dag.py:3096} INFO - Sync 1 DAGs
[2024-05-03T21:13:15.512+0000] {logging_mixin.py:188} INFO - [2024-05-03T21:13:15.511+0000] {dag.py:3954} INFO - Setting next_dagrun for latest_only to 2024-05-03 16:00:00+00:00, run_after=2024-05-03 20:00:00+00:00
[2024-05-03T21:13:15.528+0000] {processor.py:183} INFO - Processing /home/airflow/.local/lib/python3.12/site-packages/airflow/example_dags/example_latest_only.py took 0.066 seconds
