[2024-05-03T21:11:12.247+0000] {processor.py:161} INFO - Started process (PID=79) to work on /home/airflow/.local/lib/python3.12/site-packages/airflow/example_dags/example_setup_teardown.py
[2024-05-03T21:11:12.248+0000] {processor.py:830} INFO - Processing file /home/airflow/.local/lib/python3.12/site-packages/airflow/example_dags/example_setup_teardown.py for tasks to queue
[2024-05-03T21:11:12.249+0000] {logging_mixin.py:188} INFO - [2024-05-03T21:11:12.249+0000] {dagbag.py:540} INFO - Filling up the DagBag from /home/airflow/.local/lib/python3.12/site-packages/airflow/example_dags/example_setup_teardown.py
[2024-05-03T21:11:12.254+0000] {processor.py:840} INFO - DAG(s) 'example_setup_teardown' retrieved from /home/airflow/.local/lib/python3.12/site-packages/airflow/example_dags/example_setup_teardown.py
[2024-05-03T21:11:12.262+0000] {logging_mixin.py:188} INFO - [2024-05-03T21:11:12.262+0000] {dag.py:3096} INFO - Sync 1 DAGs
[2024-05-03T21:11:12.278+0000] {logging_mixin.py:188} INFO - [2024-05-03T21:11:12.278+0000] {dag.py:3954} INFO - Setting next_dagrun for example_setup_teardown to 2024-05-02 00:00:00+00:00, run_after=2024-05-03 00:00:00+00:00
[2024-05-03T21:11:12.291+0000] {processor.py:183} INFO - Processing /home/airflow/.local/lib/python3.12/site-packages/airflow/example_dags/example_setup_teardown.py took 0.047 seconds
[2024-05-03T21:11:44.757+0000] {processor.py:161} INFO - Started process (PID=137) to work on /home/airflow/.local/lib/python3.12/site-packages/airflow/example_dags/example_setup_teardown.py
[2024-05-03T21:11:44.757+0000] {processor.py:830} INFO - Processing file /home/airflow/.local/lib/python3.12/site-packages/airflow/example_dags/example_setup_teardown.py for tasks to queue
[2024-05-03T21:11:44.759+0000] {logging_mixin.py:188} INFO - [2024-05-03T21:11:44.758+0000] {dagbag.py:540} INFO - Filling up the DagBag from /home/airflow/.local/lib/python3.12/site-packages/airflow/example_dags/example_setup_teardown.py
[2024-05-03T21:11:44.763+0000] {processor.py:840} INFO - DAG(s) 'example_setup_teardown' retrieved from /home/airflow/.local/lib/python3.12/site-packages/airflow/example_dags/example_setup_teardown.py
[2024-05-03T21:11:44.834+0000] {logging_mixin.py:188} INFO - [2024-05-03T21:11:44.833+0000] {dag.py:3096} INFO - Sync 1 DAGs
[2024-05-03T21:11:44.849+0000] {logging_mixin.py:188} INFO - [2024-05-03T21:11:44.849+0000] {dag.py:3954} INFO - Setting next_dagrun for example_setup_teardown to 2024-05-02 00:00:00+00:00, run_after=2024-05-03 00:00:00+00:00
[2024-05-03T21:11:44.863+0000] {processor.py:183} INFO - Processing /home/airflow/.local/lib/python3.12/site-packages/airflow/example_dags/example_setup_teardown.py took 0.109 seconds
[2024-05-03T21:12:15.663+0000] {processor.py:161} INFO - Started process (PID=195) to work on /home/airflow/.local/lib/python3.12/site-packages/airflow/example_dags/example_setup_teardown.py
[2024-05-03T21:12:15.664+0000] {processor.py:830} INFO - Processing file /home/airflow/.local/lib/python3.12/site-packages/airflow/example_dags/example_setup_teardown.py for tasks to queue
[2024-05-03T21:12:15.665+0000] {logging_mixin.py:188} INFO - [2024-05-03T21:12:15.665+0000] {dagbag.py:540} INFO - Filling up the DagBag from /home/airflow/.local/lib/python3.12/site-packages/airflow/example_dags/example_setup_teardown.py
[2024-05-03T21:12:15.669+0000] {processor.py:840} INFO - DAG(s) 'example_setup_teardown' retrieved from /home/airflow/.local/lib/python3.12/site-packages/airflow/example_dags/example_setup_teardown.py
[2024-05-03T21:12:15.682+0000] {logging_mixin.py:188} INFO - [2024-05-03T21:12:15.682+0000] {dag.py:3096} INFO - Sync 1 DAGs
[2024-05-03T21:12:15.697+0000] {logging_mixin.py:188} INFO - [2024-05-03T21:12:15.697+0000] {dag.py:3954} INFO - Setting next_dagrun for example_setup_teardown to 2024-05-02 00:00:00+00:00, run_after=2024-05-03 00:00:00+00:00
[2024-05-03T21:12:15.709+0000] {processor.py:183} INFO - Processing /home/airflow/.local/lib/python3.12/site-packages/airflow/example_dags/example_setup_teardown.py took 0.049 seconds
[2024-05-03T21:12:45.749+0000] {processor.py:161} INFO - Started process (PID=252) to work on /home/airflow/.local/lib/python3.12/site-packages/airflow/example_dags/example_setup_teardown.py
[2024-05-03T21:12:45.749+0000] {processor.py:830} INFO - Processing file /home/airflow/.local/lib/python3.12/site-packages/airflow/example_dags/example_setup_teardown.py for tasks to queue
[2024-05-03T21:12:45.750+0000] {logging_mixin.py:188} INFO - [2024-05-03T21:12:45.750+0000] {dagbag.py:540} INFO - Filling up the DagBag from /home/airflow/.local/lib/python3.12/site-packages/airflow/example_dags/example_setup_teardown.py
[2024-05-03T21:12:45.756+0000] {processor.py:840} INFO - DAG(s) 'example_setup_teardown' retrieved from /home/airflow/.local/lib/python3.12/site-packages/airflow/example_dags/example_setup_teardown.py
[2024-05-03T21:12:45.769+0000] {logging_mixin.py:188} INFO - [2024-05-03T21:12:45.769+0000] {dag.py:3096} INFO - Sync 1 DAGs
[2024-05-03T21:12:45.784+0000] {logging_mixin.py:188} INFO - [2024-05-03T21:12:45.784+0000] {dag.py:3954} INFO - Setting next_dagrun for example_setup_teardown to 2024-05-02 00:00:00+00:00, run_after=2024-05-03 00:00:00+00:00
[2024-05-03T21:12:45.796+0000] {processor.py:183} INFO - Processing /home/airflow/.local/lib/python3.12/site-packages/airflow/example_dags/example_setup_teardown.py took 0.051 seconds
