[2024-05-03T21:11:11.173+0000] {processor.py:161} INFO - Started process (PID=54) to work on /home/airflow/.local/lib/python3.12/site-packages/airflow/example_dags/example_sensors.py
[2024-05-03T21:11:11.173+0000] {processor.py:830} INFO - Processing file /home/airflow/.local/lib/python3.12/site-packages/airflow/example_dags/example_sensors.py for tasks to queue
[2024-05-03T21:11:11.175+0000] {logging_mixin.py:188} INFO - [2024-05-03T21:11:11.174+0000] {dagbag.py:540} INFO - Filling up the DagBag from /home/airflow/.local/lib/python3.12/site-packages/airflow/example_dags/example_sensors.py
[2024-05-03T21:11:11.182+0000] {processor.py:840} INFO - DAG(s) 'example_sensors' retrieved from /home/airflow/.local/lib/python3.12/site-packages/airflow/example_dags/example_sensors.py
[2024-05-03T21:11:11.190+0000] {logging_mixin.py:188} INFO - [2024-05-03T21:11:11.190+0000] {dag.py:3096} INFO - Sync 1 DAGs
[2024-05-03T21:11:11.199+0000] {logging_mixin.py:188} INFO - [2024-05-03T21:11:11.199+0000] {dag.py:3954} INFO - Setting next_dagrun for example_sensors to None, run_after=None
[2024-05-03T21:11:11.213+0000] {processor.py:183} INFO - Processing /home/airflow/.local/lib/python3.12/site-packages/airflow/example_dags/example_sensors.py took 0.044 seconds
[2024-05-03T21:11:42.909+0000] {processor.py:161} INFO - Started process (PID=112) to work on /home/airflow/.local/lib/python3.12/site-packages/airflow/example_dags/example_sensors.py
[2024-05-03T21:11:42.910+0000] {processor.py:830} INFO - Processing file /home/airflow/.local/lib/python3.12/site-packages/airflow/example_dags/example_sensors.py for tasks to queue
[2024-05-03T21:11:42.911+0000] {logging_mixin.py:188} INFO - [2024-05-03T21:11:42.911+0000] {dagbag.py:540} INFO - Filling up the DagBag from /home/airflow/.local/lib/python3.12/site-packages/airflow/example_dags/example_sensors.py
[2024-05-03T21:11:42.917+0000] {processor.py:840} INFO - DAG(s) 'example_sensors' retrieved from /home/airflow/.local/lib/python3.12/site-packages/airflow/example_dags/example_sensors.py
[2024-05-03T21:11:42.991+0000] {logging_mixin.py:188} INFO - [2024-05-03T21:11:42.990+0000] {dag.py:3096} INFO - Sync 1 DAGs
[2024-05-03T21:11:42.999+0000] {logging_mixin.py:188} INFO - [2024-05-03T21:11:42.999+0000] {dag.py:3954} INFO - Setting next_dagrun for example_sensors to None, run_after=None
[2024-05-03T21:11:43.013+0000] {processor.py:183} INFO - Processing /home/airflow/.local/lib/python3.12/site-packages/airflow/example_dags/example_sensors.py took 0.107 seconds
[2024-05-03T21:12:13.791+0000] {processor.py:161} INFO - Started process (PID=170) to work on /home/airflow/.local/lib/python3.12/site-packages/airflow/example_dags/example_sensors.py
[2024-05-03T21:12:13.792+0000] {processor.py:830} INFO - Processing file /home/airflow/.local/lib/python3.12/site-packages/airflow/example_dags/example_sensors.py for tasks to queue
[2024-05-03T21:12:13.793+0000] {logging_mixin.py:188} INFO - [2024-05-03T21:12:13.793+0000] {dagbag.py:540} INFO - Filling up the DagBag from /home/airflow/.local/lib/python3.12/site-packages/airflow/example_dags/example_sensors.py
[2024-05-03T21:12:13.799+0000] {processor.py:840} INFO - DAG(s) 'example_sensors' retrieved from /home/airflow/.local/lib/python3.12/site-packages/airflow/example_dags/example_sensors.py
[2024-05-03T21:12:13.818+0000] {logging_mixin.py:188} INFO - [2024-05-03T21:12:13.818+0000] {dag.py:3096} INFO - Sync 1 DAGs
[2024-05-03T21:12:13.828+0000] {logging_mixin.py:188} INFO - [2024-05-03T21:12:13.827+0000] {dag.py:3954} INFO - Setting next_dagrun for example_sensors to None, run_after=None
[2024-05-03T21:12:13.840+0000] {processor.py:183} INFO - Processing /home/airflow/.local/lib/python3.12/site-packages/airflow/example_dags/example_sensors.py took 0.052 seconds
[2024-05-03T21:12:43.940+0000] {processor.py:161} INFO - Started process (PID=228) to work on /home/airflow/.local/lib/python3.12/site-packages/airflow/example_dags/example_sensors.py
[2024-05-03T21:12:43.941+0000] {processor.py:830} INFO - Processing file /home/airflow/.local/lib/python3.12/site-packages/airflow/example_dags/example_sensors.py for tasks to queue
[2024-05-03T21:12:43.942+0000] {logging_mixin.py:188} INFO - [2024-05-03T21:12:43.942+0000] {dagbag.py:540} INFO - Filling up the DagBag from /home/airflow/.local/lib/python3.12/site-packages/airflow/example_dags/example_sensors.py
[2024-05-03T21:12:43.948+0000] {processor.py:840} INFO - DAG(s) 'example_sensors' retrieved from /home/airflow/.local/lib/python3.12/site-packages/airflow/example_dags/example_sensors.py
[2024-05-03T21:12:43.965+0000] {logging_mixin.py:188} INFO - [2024-05-03T21:12:43.965+0000] {dag.py:3096} INFO - Sync 1 DAGs
[2024-05-03T21:12:43.974+0000] {logging_mixin.py:188} INFO - [2024-05-03T21:12:43.974+0000] {dag.py:3954} INFO - Setting next_dagrun for example_sensors to None, run_after=None
[2024-05-03T21:12:43.986+0000] {processor.py:183} INFO - Processing /home/airflow/.local/lib/python3.12/site-packages/airflow/example_dags/example_sensors.py took 0.049 seconds
[2024-05-03T21:13:14.829+0000] {processor.py:161} INFO - Started process (PID=286) to work on /home/airflow/.local/lib/python3.12/site-packages/airflow/example_dags/example_sensors.py
[2024-05-03T21:13:14.829+0000] {processor.py:830} INFO - Processing file /home/airflow/.local/lib/python3.12/site-packages/airflow/example_dags/example_sensors.py for tasks to queue
[2024-05-03T21:13:14.831+0000] {logging_mixin.py:188} INFO - [2024-05-03T21:13:14.831+0000] {dagbag.py:540} INFO - Filling up the DagBag from /home/airflow/.local/lib/python3.12/site-packages/airflow/example_dags/example_sensors.py
[2024-05-03T21:13:14.837+0000] {processor.py:840} INFO - DAG(s) 'example_sensors' retrieved from /home/airflow/.local/lib/python3.12/site-packages/airflow/example_dags/example_sensors.py
[2024-05-03T21:13:14.858+0000] {logging_mixin.py:188} INFO - [2024-05-03T21:13:14.857+0000] {dag.py:3096} INFO - Sync 1 DAGs
[2024-05-03T21:13:14.868+0000] {logging_mixin.py:188} INFO - [2024-05-03T21:13:14.868+0000] {dag.py:3954} INFO - Setting next_dagrun for example_sensors to None, run_after=None
[2024-05-03T21:13:14.882+0000] {processor.py:183} INFO - Processing /home/airflow/.local/lib/python3.12/site-packages/airflow/example_dags/example_sensors.py took 0.057 seconds
