[2024-05-03T21:11:11.312+0000] {processor.py:161} INFO - Started process (PID=58) to work on /home/airflow/.local/lib/python3.12/site-packages/airflow/example_dags/example_branch_python_dop_operator_3.py
[2024-05-03T21:11:11.313+0000] {processor.py:830} INFO - Processing file /home/airflow/.local/lib/python3.12/site-packages/airflow/example_dags/example_branch_python_dop_operator_3.py for tasks to queue
[2024-05-03T21:11:11.314+0000] {logging_mixin.py:188} INFO - [2024-05-03T21:11:11.314+0000] {dagbag.py:540} INFO - Filling up the DagBag from /home/airflow/.local/lib/python3.12/site-packages/airflow/example_dags/example_branch_python_dop_operator_3.py
[2024-05-03T21:11:11.322+0000] {processor.py:840} INFO - DAG(s) 'example_branch_dop_operator_v3' retrieved from /home/airflow/.local/lib/python3.12/site-packages/airflow/example_dags/example_branch_python_dop_operator_3.py
[2024-05-03T21:11:11.332+0000] {logging_mixin.py:188} INFO - [2024-05-03T21:11:11.332+0000] {dag.py:3096} INFO - Sync 1 DAGs
[2024-05-03T21:11:11.358+0000] {logging_mixin.py:188} INFO - [2024-05-03T21:11:11.358+0000] {dag.py:3954} INFO - Setting next_dagrun for example_branch_dop_operator_v3 to 2024-05-03 21:10:00+00:00, run_after=2024-05-03 21:11:00+00:00
[2024-05-03T21:11:11.376+0000] {processor.py:183} INFO - Processing /home/airflow/.local/lib/python3.12/site-packages/airflow/example_dags/example_branch_python_dop_operator_3.py took 0.070 seconds
[2024-05-03T21:11:43.169+0000] {processor.py:161} INFO - Started process (PID=116) to work on /home/airflow/.local/lib/python3.12/site-packages/airflow/example_dags/example_branch_python_dop_operator_3.py
[2024-05-03T21:11:43.170+0000] {processor.py:830} INFO - Processing file /home/airflow/.local/lib/python3.12/site-packages/airflow/example_dags/example_branch_python_dop_operator_3.py for tasks to queue
[2024-05-03T21:11:43.171+0000] {logging_mixin.py:188} INFO - [2024-05-03T21:11:43.171+0000] {dagbag.py:540} INFO - Filling up the DagBag from /home/airflow/.local/lib/python3.12/site-packages/airflow/example_dags/example_branch_python_dop_operator_3.py
[2024-05-03T21:11:43.176+0000] {processor.py:840} INFO - DAG(s) 'example_branch_dop_operator_v3' retrieved from /home/airflow/.local/lib/python3.12/site-packages/airflow/example_dags/example_branch_python_dop_operator_3.py
[2024-05-03T21:11:43.251+0000] {logging_mixin.py:188} INFO - [2024-05-03T21:11:43.251+0000] {dag.py:3096} INFO - Sync 1 DAGs
[2024-05-03T21:11:43.268+0000] {logging_mixin.py:188} INFO - [2024-05-03T21:11:43.268+0000] {dag.py:3954} INFO - Setting next_dagrun for example_branch_dop_operator_v3 to 2024-05-03 21:10:00+00:00, run_after=2024-05-03 21:11:00+00:00
[2024-05-03T21:11:43.281+0000] {processor.py:183} INFO - Processing /home/airflow/.local/lib/python3.12/site-packages/airflow/example_dags/example_branch_python_dop_operator_3.py took 0.115 seconds
[2024-05-03T21:12:13.928+0000] {processor.py:161} INFO - Started process (PID=174) to work on /home/airflow/.local/lib/python3.12/site-packages/airflow/example_dags/example_branch_python_dop_operator_3.py
[2024-05-03T21:12:13.928+0000] {processor.py:830} INFO - Processing file /home/airflow/.local/lib/python3.12/site-packages/airflow/example_dags/example_branch_python_dop_operator_3.py for tasks to queue
[2024-05-03T21:12:13.929+0000] {logging_mixin.py:188} INFO - [2024-05-03T21:12:13.929+0000] {dagbag.py:540} INFO - Filling up the DagBag from /home/airflow/.local/lib/python3.12/site-packages/airflow/example_dags/example_branch_python_dop_operator_3.py
[2024-05-03T21:12:13.935+0000] {processor.py:840} INFO - DAG(s) 'example_branch_dop_operator_v3' retrieved from /home/airflow/.local/lib/python3.12/site-packages/airflow/example_dags/example_branch_python_dop_operator_3.py
[2024-05-03T21:12:13.947+0000] {logging_mixin.py:188} INFO - [2024-05-03T21:12:13.947+0000] {dag.py:3096} INFO - Sync 1 DAGs
[2024-05-03T21:12:13.964+0000] {logging_mixin.py:188} INFO - [2024-05-03T21:12:13.964+0000] {dag.py:3954} INFO - Setting next_dagrun for example_branch_dop_operator_v3 to 2024-05-03 21:11:00+00:00, run_after=2024-05-03 21:12:00+00:00
[2024-05-03T21:12:13.976+0000] {processor.py:183} INFO - Processing /home/airflow/.local/lib/python3.12/site-packages/airflow/example_dags/example_branch_python_dop_operator_3.py took 0.052 seconds
[2024-05-03T21:12:44.085+0000] {processor.py:161} INFO - Started process (PID=232) to work on /home/airflow/.local/lib/python3.12/site-packages/airflow/example_dags/example_branch_python_dop_operator_3.py
[2024-05-03T21:12:44.086+0000] {processor.py:830} INFO - Processing file /home/airflow/.local/lib/python3.12/site-packages/airflow/example_dags/example_branch_python_dop_operator_3.py for tasks to queue
[2024-05-03T21:12:44.087+0000] {logging_mixin.py:188} INFO - [2024-05-03T21:12:44.087+0000] {dagbag.py:540} INFO - Filling up the DagBag from /home/airflow/.local/lib/python3.12/site-packages/airflow/example_dags/example_branch_python_dop_operator_3.py
[2024-05-03T21:12:44.092+0000] {processor.py:840} INFO - DAG(s) 'example_branch_dop_operator_v3' retrieved from /home/airflow/.local/lib/python3.12/site-packages/airflow/example_dags/example_branch_python_dop_operator_3.py
[2024-05-03T21:12:44.104+0000] {logging_mixin.py:188} INFO - [2024-05-03T21:12:44.104+0000] {dag.py:3096} INFO - Sync 1 DAGs
[2024-05-03T21:12:44.122+0000] {logging_mixin.py:188} INFO - [2024-05-03T21:12:44.121+0000] {dag.py:3954} INFO - Setting next_dagrun for example_branch_dop_operator_v3 to 2024-05-03 21:11:00+00:00, run_after=2024-05-03 21:12:00+00:00
[2024-05-03T21:12:44.134+0000] {processor.py:183} INFO - Processing /home/airflow/.local/lib/python3.12/site-packages/airflow/example_dags/example_branch_python_dop_operator_3.py took 0.052 seconds
[2024-05-03T21:13:14.988+0000] {processor.py:161} INFO - Started process (PID=290) to work on /home/airflow/.local/lib/python3.12/site-packages/airflow/example_dags/example_branch_python_dop_operator_3.py
[2024-05-03T21:13:14.989+0000] {processor.py:830} INFO - Processing file /home/airflow/.local/lib/python3.12/site-packages/airflow/example_dags/example_branch_python_dop_operator_3.py for tasks to queue
[2024-05-03T21:13:14.990+0000] {logging_mixin.py:188} INFO - [2024-05-03T21:13:14.990+0000] {dagbag.py:540} INFO - Filling up the DagBag from /home/airflow/.local/lib/python3.12/site-packages/airflow/example_dags/example_branch_python_dop_operator_3.py
[2024-05-03T21:13:14.998+0000] {processor.py:840} INFO - DAG(s) 'example_branch_dop_operator_v3' retrieved from /home/airflow/.local/lib/python3.12/site-packages/airflow/example_dags/example_branch_python_dop_operator_3.py
[2024-05-03T21:13:15.015+0000] {logging_mixin.py:188} INFO - [2024-05-03T21:13:15.015+0000] {dag.py:3096} INFO - Sync 1 DAGs
[2024-05-03T21:13:15.041+0000] {logging_mixin.py:188} INFO - [2024-05-03T21:13:15.040+0000] {dag.py:3954} INFO - Setting next_dagrun for example_branch_dop_operator_v3 to 2024-05-03 21:12:00+00:00, run_after=2024-05-03 21:13:00+00:00
[2024-05-03T21:13:15.058+0000] {processor.py:183} INFO - Processing /home/airflow/.local/lib/python3.12/site-packages/airflow/example_dags/example_branch_python_dop_operator_3.py took 0.075 seconds
