[2024-05-03T21:11:10.477+0000] {processor.py:161} INFO - Started process (PID=36) to work on /home/airflow/.local/lib/python3.12/site-packages/airflow/example_dags/example_sla_dag.py
[2024-05-03T21:11:10.478+0000] {processor.py:830} INFO - Processing file /home/airflow/.local/lib/python3.12/site-packages/airflow/example_dags/example_sla_dag.py for tasks to queue
[2024-05-03T21:11:10.479+0000] {logging_mixin.py:188} INFO - [2024-05-03T21:11:10.479+0000] {dagbag.py:540} INFO - Filling up the DagBag from /home/airflow/.local/lib/python3.12/site-packages/airflow/example_dags/example_sla_dag.py
[2024-05-03T21:11:10.487+0000] {processor.py:840} INFO - DAG(s) 'example_sla_dag' retrieved from /home/airflow/.local/lib/python3.12/site-packages/airflow/example_dags/example_sla_dag.py
[2024-05-03T21:11:10.494+0000] {logging_mixin.py:188} INFO - [2024-05-03T21:11:10.493+0000] {dag.py:3096} INFO - Sync 1 DAGs
[2024-05-03T21:11:10.511+0000] {logging_mixin.py:188} INFO - [2024-05-03T21:11:10.511+0000] {dag.py:3954} INFO - Setting next_dagrun for example_sla_dag to 2024-05-03 21:08:00+00:00, run_after=2024-05-03 21:10:00+00:00
[2024-05-03T21:11:10.524+0000] {processor.py:183} INFO - Processing /home/airflow/.local/lib/python3.12/site-packages/airflow/example_dags/example_sla_dag.py took 0.051 seconds
[2024-05-03T21:11:41.622+0000] {processor.py:161} INFO - Started process (PID=94) to work on /home/airflow/.local/lib/python3.12/site-packages/airflow/example_dags/example_sla_dag.py
[2024-05-03T21:11:41.623+0000] {processor.py:830} INFO - Processing file /home/airflow/.local/lib/python3.12/site-packages/airflow/example_dags/example_sla_dag.py for tasks to queue
[2024-05-03T21:11:41.624+0000] {logging_mixin.py:188} INFO - [2024-05-03T21:11:41.624+0000] {dagbag.py:540} INFO - Filling up the DagBag from /home/airflow/.local/lib/python3.12/site-packages/airflow/example_dags/example_sla_dag.py
[2024-05-03T21:11:41.629+0000] {processor.py:840} INFO - DAG(s) 'example_sla_dag' retrieved from /home/airflow/.local/lib/python3.12/site-packages/airflow/example_dags/example_sla_dag.py
[2024-05-03T21:11:41.701+0000] {logging_mixin.py:188} INFO - [2024-05-03T21:11:41.701+0000] {dag.py:3096} INFO - Sync 1 DAGs
[2024-05-03T21:11:41.717+0000] {logging_mixin.py:188} INFO - [2024-05-03T21:11:41.717+0000] {dag.py:3954} INFO - Setting next_dagrun for example_sla_dag to 2024-05-03 21:08:00+00:00, run_after=2024-05-03 21:10:00+00:00
[2024-05-03T21:11:41.730+0000] {processor.py:183} INFO - Processing /home/airflow/.local/lib/python3.12/site-packages/airflow/example_dags/example_sla_dag.py took 0.111 seconds
[2024-05-03T21:12:12.062+0000] {processor.py:161} INFO - Started process (PID=152) to work on /home/airflow/.local/lib/python3.12/site-packages/airflow/example_dags/example_sla_dag.py
[2024-05-03T21:12:12.062+0000] {processor.py:830} INFO - Processing file /home/airflow/.local/lib/python3.12/site-packages/airflow/example_dags/example_sla_dag.py for tasks to queue
[2024-05-03T21:12:12.064+0000] {logging_mixin.py:188} INFO - [2024-05-03T21:12:12.063+0000] {dagbag.py:540} INFO - Filling up the DagBag from /home/airflow/.local/lib/python3.12/site-packages/airflow/example_dags/example_sla_dag.py
[2024-05-03T21:12:12.069+0000] {processor.py:840} INFO - DAG(s) 'example_sla_dag' retrieved from /home/airflow/.local/lib/python3.12/site-packages/airflow/example_dags/example_sla_dag.py
[2024-05-03T21:12:12.081+0000] {logging_mixin.py:188} INFO - [2024-05-03T21:12:12.081+0000] {dag.py:3096} INFO - Sync 1 DAGs
[2024-05-03T21:12:12.098+0000] {logging_mixin.py:188} INFO - [2024-05-03T21:12:12.098+0000] {dag.py:3954} INFO - Setting next_dagrun for example_sla_dag to 2024-05-03 21:10:00+00:00, run_after=2024-05-03 21:12:00+00:00
[2024-05-03T21:12:12.110+0000] {processor.py:183} INFO - Processing /home/airflow/.local/lib/python3.12/site-packages/airflow/example_dags/example_sla_dag.py took 0.052 seconds
[2024-05-03T21:12:42.298+0000] {processor.py:161} INFO - Started process (PID=210) to work on /home/airflow/.local/lib/python3.12/site-packages/airflow/example_dags/example_sla_dag.py
[2024-05-03T21:12:42.299+0000] {processor.py:830} INFO - Processing file /home/airflow/.local/lib/python3.12/site-packages/airflow/example_dags/example_sla_dag.py for tasks to queue
[2024-05-03T21:12:42.300+0000] {logging_mixin.py:188} INFO - [2024-05-03T21:12:42.300+0000] {dagbag.py:540} INFO - Filling up the DagBag from /home/airflow/.local/lib/python3.12/site-packages/airflow/example_dags/example_sla_dag.py
[2024-05-03T21:12:42.305+0000] {processor.py:840} INFO - DAG(s) 'example_sla_dag' retrieved from /home/airflow/.local/lib/python3.12/site-packages/airflow/example_dags/example_sla_dag.py
[2024-05-03T21:12:42.317+0000] {logging_mixin.py:188} INFO - [2024-05-03T21:12:42.317+0000] {dag.py:3096} INFO - Sync 1 DAGs
[2024-05-03T21:12:42.333+0000] {logging_mixin.py:188} INFO - [2024-05-03T21:12:42.333+0000] {dag.py:3954} INFO - Setting next_dagrun for example_sla_dag to 2024-05-03 21:10:00+00:00, run_after=2024-05-03 21:12:00+00:00
[2024-05-03T21:12:42.345+0000] {processor.py:183} INFO - Processing /home/airflow/.local/lib/python3.12/site-packages/airflow/example_dags/example_sla_dag.py took 0.050 seconds
[2024-05-03T21:13:13.194+0000] {processor.py:161} INFO - Started process (PID=268) to work on /home/airflow/.local/lib/python3.12/site-packages/airflow/example_dags/example_sla_dag.py
[2024-05-03T21:13:13.195+0000] {processor.py:830} INFO - Processing file /home/airflow/.local/lib/python3.12/site-packages/airflow/example_dags/example_sla_dag.py for tasks to queue
[2024-05-03T21:13:13.196+0000] {logging_mixin.py:188} INFO - [2024-05-03T21:13:13.196+0000] {dagbag.py:540} INFO - Filling up the DagBag from /home/airflow/.local/lib/python3.12/site-packages/airflow/example_dags/example_sla_dag.py
[2024-05-03T21:13:13.201+0000] {processor.py:840} INFO - DAG(s) 'example_sla_dag' retrieved from /home/airflow/.local/lib/python3.12/site-packages/airflow/example_dags/example_sla_dag.py
[2024-05-03T21:13:13.214+0000] {logging_mixin.py:188} INFO - [2024-05-03T21:13:13.214+0000] {dag.py:3096} INFO - Sync 1 DAGs
[2024-05-03T21:13:13.232+0000] {logging_mixin.py:188} INFO - [2024-05-03T21:13:13.232+0000] {dag.py:3954} INFO - Setting next_dagrun for example_sla_dag to 2024-05-03 21:10:00+00:00, run_after=2024-05-03 21:12:00+00:00
[2024-05-03T21:13:13.245+0000] {processor.py:183} INFO - Processing /home/airflow/.local/lib/python3.12/site-packages/airflow/example_dags/example_sla_dag.py took 0.054 seconds
