[2024-05-03T21:11:11.029+0000] {processor.py:161} INFO - Started process (PID=50) to work on /home/airflow/.local/lib/python3.12/site-packages/airflow/example_dags/example_branch_labels.py
[2024-05-03T21:11:11.029+0000] {processor.py:830} INFO - Processing file /home/airflow/.local/lib/python3.12/site-packages/airflow/example_dags/example_branch_labels.py for tasks to queue
[2024-05-03T21:11:11.031+0000] {logging_mixin.py:188} INFO - [2024-05-03T21:11:11.030+0000] {dagbag.py:540} INFO - Filling up the DagBag from /home/airflow/.local/lib/python3.12/site-packages/airflow/example_dags/example_branch_labels.py
[2024-05-03T21:11:11.038+0000] {processor.py:840} INFO - DAG(s) 'example_branch_labels' retrieved from /home/airflow/.local/lib/python3.12/site-packages/airflow/example_dags/example_branch_labels.py
[2024-05-03T21:11:11.046+0000] {logging_mixin.py:188} INFO - [2024-05-03T21:11:11.046+0000] {dag.py:3096} INFO - Sync 1 DAGs
[2024-05-03T21:11:11.065+0000] {logging_mixin.py:188} INFO - [2024-05-03T21:11:11.065+0000] {dag.py:3954} INFO - Setting next_dagrun for example_branch_labels to 2024-05-02 00:00:00+00:00, run_after=2024-05-03 00:00:00+00:00
[2024-05-03T21:11:11.079+0000] {processor.py:183} INFO - Processing /home/airflow/.local/lib/python3.12/site-packages/airflow/example_dags/example_branch_labels.py took 0.054 seconds
[2024-05-03T21:11:42.514+0000] {processor.py:161} INFO - Started process (PID=108) to work on /home/airflow/.local/lib/python3.12/site-packages/airflow/example_dags/example_branch_labels.py
[2024-05-03T21:11:42.514+0000] {processor.py:830} INFO - Processing file /home/airflow/.local/lib/python3.12/site-packages/airflow/example_dags/example_branch_labels.py for tasks to queue
[2024-05-03T21:11:42.515+0000] {logging_mixin.py:188} INFO - [2024-05-03T21:11:42.515+0000] {dagbag.py:540} INFO - Filling up the DagBag from /home/airflow/.local/lib/python3.12/site-packages/airflow/example_dags/example_branch_labels.py
[2024-05-03T21:11:42.520+0000] {processor.py:840} INFO - DAG(s) 'example_branch_labels' retrieved from /home/airflow/.local/lib/python3.12/site-packages/airflow/example_dags/example_branch_labels.py
[2024-05-03T21:11:42.593+0000] {logging_mixin.py:188} INFO - [2024-05-03T21:11:42.592+0000] {dag.py:3096} INFO - Sync 1 DAGs
[2024-05-03T21:11:42.607+0000] {logging_mixin.py:188} INFO - [2024-05-03T21:11:42.607+0000] {dag.py:3954} INFO - Setting next_dagrun for example_branch_labels to 2024-05-02 00:00:00+00:00, run_after=2024-05-03 00:00:00+00:00
[2024-05-03T21:11:42.621+0000] {processor.py:183} INFO - Processing /home/airflow/.local/lib/python3.12/site-packages/airflow/example_dags/example_branch_labels.py took 0.111 seconds
[2024-05-03T21:12:12.657+0000] {processor.py:161} INFO - Started process (PID=166) to work on /home/airflow/.local/lib/python3.12/site-packages/airflow/example_dags/example_branch_labels.py
[2024-05-03T21:12:12.658+0000] {processor.py:830} INFO - Processing file /home/airflow/.local/lib/python3.12/site-packages/airflow/example_dags/example_branch_labels.py for tasks to queue
[2024-05-03T21:12:12.659+0000] {logging_mixin.py:188} INFO - [2024-05-03T21:12:12.659+0000] {dagbag.py:540} INFO - Filling up the DagBag from /home/airflow/.local/lib/python3.12/site-packages/airflow/example_dags/example_branch_labels.py
[2024-05-03T21:12:12.664+0000] {processor.py:840} INFO - DAG(s) 'example_branch_labels' retrieved from /home/airflow/.local/lib/python3.12/site-packages/airflow/example_dags/example_branch_labels.py
[2024-05-03T21:12:12.677+0000] {logging_mixin.py:188} INFO - [2024-05-03T21:12:12.677+0000] {dag.py:3096} INFO - Sync 1 DAGs
[2024-05-03T21:12:12.693+0000] {logging_mixin.py:188} INFO - [2024-05-03T21:12:12.692+0000] {dag.py:3954} INFO - Setting next_dagrun for example_branch_labels to 2024-05-02 00:00:00+00:00, run_after=2024-05-03 00:00:00+00:00
[2024-05-03T21:12:12.704+0000] {processor.py:183} INFO - Processing /home/airflow/.local/lib/python3.12/site-packages/airflow/example_dags/example_branch_labels.py took 0.050 seconds
[2024-05-03T21:12:42.752+0000] {processor.py:161} INFO - Started process (PID=224) to work on /home/airflow/.local/lib/python3.12/site-packages/airflow/example_dags/example_branch_labels.py
[2024-05-03T21:12:42.753+0000] {processor.py:830} INFO - Processing file /home/airflow/.local/lib/python3.12/site-packages/airflow/example_dags/example_branch_labels.py for tasks to queue
[2024-05-03T21:12:42.754+0000] {logging_mixin.py:188} INFO - [2024-05-03T21:12:42.754+0000] {dagbag.py:540} INFO - Filling up the DagBag from /home/airflow/.local/lib/python3.12/site-packages/airflow/example_dags/example_branch_labels.py
[2024-05-03T21:12:42.759+0000] {processor.py:840} INFO - DAG(s) 'example_branch_labels' retrieved from /home/airflow/.local/lib/python3.12/site-packages/airflow/example_dags/example_branch_labels.py
[2024-05-03T21:12:42.773+0000] {logging_mixin.py:188} INFO - [2024-05-03T21:12:42.773+0000] {dag.py:3096} INFO - Sync 1 DAGs
[2024-05-03T21:12:42.789+0000] {logging_mixin.py:188} INFO - [2024-05-03T21:12:42.789+0000] {dag.py:3954} INFO - Setting next_dagrun for example_branch_labels to 2024-05-02 00:00:00+00:00, run_after=2024-05-03 00:00:00+00:00
[2024-05-03T21:12:42.800+0000] {processor.py:183} INFO - Processing /home/airflow/.local/lib/python3.12/site-packages/airflow/example_dags/example_branch_labels.py took 0.052 seconds
[2024-05-03T21:13:13.670+0000] {processor.py:161} INFO - Started process (PID=282) to work on /home/airflow/.local/lib/python3.12/site-packages/airflow/example_dags/example_branch_labels.py
[2024-05-03T21:13:13.670+0000] {processor.py:830} INFO - Processing file /home/airflow/.local/lib/python3.12/site-packages/airflow/example_dags/example_branch_labels.py for tasks to queue
[2024-05-03T21:13:13.672+0000] {logging_mixin.py:188} INFO - [2024-05-03T21:13:13.671+0000] {dagbag.py:540} INFO - Filling up the DagBag from /home/airflow/.local/lib/python3.12/site-packages/airflow/example_dags/example_branch_labels.py
[2024-05-03T21:13:13.676+0000] {processor.py:840} INFO - DAG(s) 'example_branch_labels' retrieved from /home/airflow/.local/lib/python3.12/site-packages/airflow/example_dags/example_branch_labels.py
[2024-05-03T21:13:13.690+0000] {logging_mixin.py:188} INFO - [2024-05-03T21:13:13.689+0000] {dag.py:3096} INFO - Sync 1 DAGs
[2024-05-03T21:13:13.705+0000] {logging_mixin.py:188} INFO - [2024-05-03T21:13:13.705+0000] {dag.py:3954} INFO - Setting next_dagrun for example_branch_labels to 2024-05-02 00:00:00+00:00, run_after=2024-05-03 00:00:00+00:00
[2024-05-03T21:13:13.717+0000] {processor.py:183} INFO - Processing /home/airflow/.local/lib/python3.12/site-packages/airflow/example_dags/example_branch_labels.py took 0.051 seconds
