[2024-05-03T21:11:10.484+0000] {processor.py:161} INFO - Started process (PID=37) to work on /home/airflow/.local/lib/python3.12/site-packages/airflow/example_dags/example_task_group.py
[2024-05-03T21:11:10.485+0000] {processor.py:830} INFO - Processing file /home/airflow/.local/lib/python3.12/site-packages/airflow/example_dags/example_task_group.py for tasks to queue
[2024-05-03T21:11:10.486+0000] {logging_mixin.py:188} INFO - [2024-05-03T21:11:10.485+0000] {dagbag.py:540} INFO - Filling up the DagBag from /home/airflow/.local/lib/python3.12/site-packages/airflow/example_dags/example_task_group.py
[2024-05-03T21:11:10.492+0000] {processor.py:840} INFO - DAG(s) 'example_task_group' retrieved from /home/airflow/.local/lib/python3.12/site-packages/airflow/example_dags/example_task_group.py
[2024-05-03T21:11:10.498+0000] {logging_mixin.py:188} INFO - [2024-05-03T21:11:10.498+0000] {dag.py:3096} INFO - Sync 1 DAGs
[2024-05-03T21:11:10.514+0000] {logging_mixin.py:188} INFO - [2024-05-03T21:11:10.514+0000] {dag.py:3954} INFO - Setting next_dagrun for example_task_group to 2024-05-02 00:00:00+00:00, run_after=2024-05-03 00:00:00+00:00
[2024-05-03T21:11:10.526+0000] {processor.py:183} INFO - Processing /home/airflow/.local/lib/python3.12/site-packages/airflow/example_dags/example_task_group.py took 0.046 seconds
[2024-05-03T21:11:41.627+0000] {processor.py:161} INFO - Started process (PID=95) to work on /home/airflow/.local/lib/python3.12/site-packages/airflow/example_dags/example_task_group.py
[2024-05-03T21:11:41.628+0000] {processor.py:830} INFO - Processing file /home/airflow/.local/lib/python3.12/site-packages/airflow/example_dags/example_task_group.py for tasks to queue
[2024-05-03T21:11:41.629+0000] {logging_mixin.py:188} INFO - [2024-05-03T21:11:41.628+0000] {dagbag.py:540} INFO - Filling up the DagBag from /home/airflow/.local/lib/python3.12/site-packages/airflow/example_dags/example_task_group.py
[2024-05-03T21:11:41.633+0000] {processor.py:840} INFO - DAG(s) 'example_task_group' retrieved from /home/airflow/.local/lib/python3.12/site-packages/airflow/example_dags/example_task_group.py
[2024-05-03T21:11:41.703+0000] {logging_mixin.py:188} INFO - [2024-05-03T21:11:41.703+0000] {dag.py:3096} INFO - Sync 1 DAGs
[2024-05-03T21:11:41.716+0000] {logging_mixin.py:188} INFO - [2024-05-03T21:11:41.716+0000] {dag.py:3954} INFO - Setting next_dagrun for example_task_group to 2024-05-02 00:00:00+00:00, run_after=2024-05-03 00:00:00+00:00
[2024-05-03T21:11:41.730+0000] {processor.py:183} INFO - Processing /home/airflow/.local/lib/python3.12/site-packages/airflow/example_dags/example_task_group.py took 0.106 seconds
[2024-05-03T21:12:12.080+0000] {processor.py:161} INFO - Started process (PID=153) to work on /home/airflow/.local/lib/python3.12/site-packages/airflow/example_dags/example_task_group.py
[2024-05-03T21:12:12.080+0000] {processor.py:830} INFO - Processing file /home/airflow/.local/lib/python3.12/site-packages/airflow/example_dags/example_task_group.py for tasks to queue
[2024-05-03T21:12:12.081+0000] {logging_mixin.py:188} INFO - [2024-05-03T21:12:12.081+0000] {dagbag.py:540} INFO - Filling up the DagBag from /home/airflow/.local/lib/python3.12/site-packages/airflow/example_dags/example_task_group.py
[2024-05-03T21:12:12.086+0000] {processor.py:840} INFO - DAG(s) 'example_task_group' retrieved from /home/airflow/.local/lib/python3.12/site-packages/airflow/example_dags/example_task_group.py
[2024-05-03T21:12:12.099+0000] {logging_mixin.py:188} INFO - [2024-05-03T21:12:12.099+0000] {dag.py:3096} INFO - Sync 1 DAGs
[2024-05-03T21:12:12.114+0000] {logging_mixin.py:188} INFO - [2024-05-03T21:12:12.114+0000] {dag.py:3954} INFO - Setting next_dagrun for example_task_group to 2024-05-02 00:00:00+00:00, run_after=2024-05-03 00:00:00+00:00
[2024-05-03T21:12:12.126+0000] {processor.py:183} INFO - Processing /home/airflow/.local/lib/python3.12/site-packages/airflow/example_dags/example_task_group.py took 0.050 seconds
[2024-05-03T21:12:42.308+0000] {processor.py:161} INFO - Started process (PID=211) to work on /home/airflow/.local/lib/python3.12/site-packages/airflow/example_dags/example_task_group.py
[2024-05-03T21:12:42.309+0000] {processor.py:830} INFO - Processing file /home/airflow/.local/lib/python3.12/site-packages/airflow/example_dags/example_task_group.py for tasks to queue
[2024-05-03T21:12:42.310+0000] {logging_mixin.py:188} INFO - [2024-05-03T21:12:42.310+0000] {dagbag.py:540} INFO - Filling up the DagBag from /home/airflow/.local/lib/python3.12/site-packages/airflow/example_dags/example_task_group.py
[2024-05-03T21:12:42.314+0000] {processor.py:840} INFO - DAG(s) 'example_task_group' retrieved from /home/airflow/.local/lib/python3.12/site-packages/airflow/example_dags/example_task_group.py
[2024-05-03T21:12:42.328+0000] {logging_mixin.py:188} INFO - [2024-05-03T21:12:42.328+0000] {dag.py:3096} INFO - Sync 1 DAGs
[2024-05-03T21:12:42.342+0000] {logging_mixin.py:188} INFO - [2024-05-03T21:12:42.342+0000] {dag.py:3954} INFO - Setting next_dagrun for example_task_group to 2024-05-02 00:00:00+00:00, run_after=2024-05-03 00:00:00+00:00
[2024-05-03T21:12:42.354+0000] {processor.py:183} INFO - Processing /home/airflow/.local/lib/python3.12/site-packages/airflow/example_dags/example_task_group.py took 0.049 seconds
[2024-05-03T21:13:13.207+0000] {processor.py:161} INFO - Started process (PID=269) to work on /home/airflow/.local/lib/python3.12/site-packages/airflow/example_dags/example_task_group.py
[2024-05-03T21:13:13.208+0000] {processor.py:830} INFO - Processing file /home/airflow/.local/lib/python3.12/site-packages/airflow/example_dags/example_task_group.py for tasks to queue
[2024-05-03T21:13:13.209+0000] {logging_mixin.py:188} INFO - [2024-05-03T21:13:13.208+0000] {dagbag.py:540} INFO - Filling up the DagBag from /home/airflow/.local/lib/python3.12/site-packages/airflow/example_dags/example_task_group.py
[2024-05-03T21:13:13.213+0000] {processor.py:840} INFO - DAG(s) 'example_task_group' retrieved from /home/airflow/.local/lib/python3.12/site-packages/airflow/example_dags/example_task_group.py
[2024-05-03T21:13:13.227+0000] {logging_mixin.py:188} INFO - [2024-05-03T21:13:13.227+0000] {dag.py:3096} INFO - Sync 1 DAGs
[2024-05-03T21:13:13.243+0000] {logging_mixin.py:188} INFO - [2024-05-03T21:13:13.243+0000] {dag.py:3954} INFO - Setting next_dagrun for example_task_group to 2024-05-02 00:00:00+00:00, run_after=2024-05-03 00:00:00+00:00
[2024-05-03T21:13:13.256+0000] {processor.py:183} INFO - Processing /home/airflow/.local/lib/python3.12/site-packages/airflow/example_dags/example_task_group.py took 0.053 seconds
