[2024-05-03T21:11:11.802+0000] {processor.py:161} INFO - Started process (PID=72) to work on /home/airflow/.local/lib/python3.12/site-packages/airflow/example_dags/example_short_circuit_operator.py
[2024-05-03T21:11:11.803+0000] {processor.py:830} INFO - Processing file /home/airflow/.local/lib/python3.12/site-packages/airflow/example_dags/example_short_circuit_operator.py for tasks to queue
[2024-05-03T21:11:11.804+0000] {logging_mixin.py:188} INFO - [2024-05-03T21:11:11.804+0000] {dagbag.py:540} INFO - Filling up the DagBag from /home/airflow/.local/lib/python3.12/site-packages/airflow/example_dags/example_short_circuit_operator.py
[2024-05-03T21:11:11.810+0000] {processor.py:840} INFO - DAG(s) 'example_short_circuit_operator' retrieved from /home/airflow/.local/lib/python3.12/site-packages/airflow/example_dags/example_short_circuit_operator.py
[2024-05-03T21:11:11.817+0000] {logging_mixin.py:188} INFO - [2024-05-03T21:11:11.817+0000] {dag.py:3096} INFO - Sync 1 DAGs
[2024-05-03T21:11:11.834+0000] {logging_mixin.py:188} INFO - [2024-05-03T21:11:11.834+0000] {dag.py:3954} INFO - Setting next_dagrun for example_short_circuit_operator to 2024-05-02 00:00:00+00:00, run_after=2024-05-03 00:00:00+00:00
[2024-05-03T21:11:11.846+0000] {processor.py:183} INFO - Processing /home/airflow/.local/lib/python3.12/site-packages/airflow/example_dags/example_short_circuit_operator.py took 0.048 seconds
[2024-05-03T21:11:44.199+0000] {processor.py:161} INFO - Started process (PID=130) to work on /home/airflow/.local/lib/python3.12/site-packages/airflow/example_dags/example_short_circuit_operator.py
[2024-05-03T21:11:44.200+0000] {processor.py:830} INFO - Processing file /home/airflow/.local/lib/python3.12/site-packages/airflow/example_dags/example_short_circuit_operator.py for tasks to queue
[2024-05-03T21:11:44.201+0000] {logging_mixin.py:188} INFO - [2024-05-03T21:11:44.201+0000] {dagbag.py:540} INFO - Filling up the DagBag from /home/airflow/.local/lib/python3.12/site-packages/airflow/example_dags/example_short_circuit_operator.py
[2024-05-03T21:11:44.205+0000] {processor.py:840} INFO - DAG(s) 'example_short_circuit_operator' retrieved from /home/airflow/.local/lib/python3.12/site-packages/airflow/example_dags/example_short_circuit_operator.py
[2024-05-03T21:11:44.280+0000] {logging_mixin.py:188} INFO - [2024-05-03T21:11:44.280+0000] {dag.py:3096} INFO - Sync 1 DAGs
[2024-05-03T21:11:44.296+0000] {logging_mixin.py:188} INFO - [2024-05-03T21:11:44.296+0000] {dag.py:3954} INFO - Setting next_dagrun for example_short_circuit_operator to 2024-05-02 00:00:00+00:00, run_after=2024-05-03 00:00:00+00:00
[2024-05-03T21:11:44.309+0000] {processor.py:183} INFO - Processing /home/airflow/.local/lib/python3.12/site-packages/airflow/example_dags/example_short_circuit_operator.py took 0.113 seconds
[2024-05-03T21:12:14.403+0000] {processor.py:161} INFO - Started process (PID=188) to work on /home/airflow/.local/lib/python3.12/site-packages/airflow/example_dags/example_short_circuit_operator.py
[2024-05-03T21:12:14.404+0000] {processor.py:830} INFO - Processing file /home/airflow/.local/lib/python3.12/site-packages/airflow/example_dags/example_short_circuit_operator.py for tasks to queue
[2024-05-03T21:12:14.405+0000] {logging_mixin.py:188} INFO - [2024-05-03T21:12:14.405+0000] {dagbag.py:540} INFO - Filling up the DagBag from /home/airflow/.local/lib/python3.12/site-packages/airflow/example_dags/example_short_circuit_operator.py
[2024-05-03T21:12:14.409+0000] {processor.py:840} INFO - DAG(s) 'example_short_circuit_operator' retrieved from /home/airflow/.local/lib/python3.12/site-packages/airflow/example_dags/example_short_circuit_operator.py
[2024-05-03T21:12:14.424+0000] {logging_mixin.py:188} INFO - [2024-05-03T21:12:14.424+0000] {dag.py:3096} INFO - Sync 1 DAGs
[2024-05-03T21:12:14.439+0000] {logging_mixin.py:188} INFO - [2024-05-03T21:12:14.439+0000] {dag.py:3954} INFO - Setting next_dagrun for example_short_circuit_operator to 2024-05-02 00:00:00+00:00, run_after=2024-05-03 00:00:00+00:00
[2024-05-03T21:12:14.451+0000] {processor.py:183} INFO - Processing /home/airflow/.local/lib/python3.12/site-packages/airflow/example_dags/example_short_circuit_operator.py took 0.051 seconds
[2024-05-03T21:12:44.558+0000] {processor.py:161} INFO - Started process (PID=246) to work on /home/airflow/.local/lib/python3.12/site-packages/airflow/example_dags/example_short_circuit_operator.py
[2024-05-03T21:12:44.559+0000] {processor.py:830} INFO - Processing file /home/airflow/.local/lib/python3.12/site-packages/airflow/example_dags/example_short_circuit_operator.py for tasks to queue
[2024-05-03T21:12:44.560+0000] {logging_mixin.py:188} INFO - [2024-05-03T21:12:44.559+0000] {dagbag.py:540} INFO - Filling up the DagBag from /home/airflow/.local/lib/python3.12/site-packages/airflow/example_dags/example_short_circuit_operator.py
[2024-05-03T21:12:44.564+0000] {processor.py:840} INFO - DAG(s) 'example_short_circuit_operator' retrieved from /home/airflow/.local/lib/python3.12/site-packages/airflow/example_dags/example_short_circuit_operator.py
[2024-05-03T21:12:44.579+0000] {logging_mixin.py:188} INFO - [2024-05-03T21:12:44.579+0000] {dag.py:3096} INFO - Sync 1 DAGs
[2024-05-03T21:12:44.594+0000] {logging_mixin.py:188} INFO - [2024-05-03T21:12:44.594+0000] {dag.py:3954} INFO - Setting next_dagrun for example_short_circuit_operator to 2024-05-02 00:00:00+00:00, run_after=2024-05-03 00:00:00+00:00
[2024-05-03T21:12:44.606+0000] {processor.py:183} INFO - Processing /home/airflow/.local/lib/python3.12/site-packages/airflow/example_dags/example_short_circuit_operator.py took 0.052 seconds
