[2024-05-03T21:11:10.629+0000] {processor.py:161} INFO - Started process (PID=40) to work on /home/airflow/.local/lib/python3.12/site-packages/airflow/example_dags/example_xcomargs.py
[2024-05-03T21:11:10.629+0000] {processor.py:830} INFO - Processing file /home/airflow/.local/lib/python3.12/site-packages/airflow/example_dags/example_xcomargs.py for tasks to queue
[2024-05-03T21:11:10.631+0000] {logging_mixin.py:188} INFO - [2024-05-03T21:11:10.630+0000] {dagbag.py:540} INFO - Filling up the DagBag from /home/airflow/.local/lib/python3.12/site-packages/airflow/example_dags/example_xcomargs.py
[2024-05-03T21:11:10.636+0000] {processor.py:840} INFO - DAG(s) 'example_xcom_args_with_operators', 'example_xcom_args' retrieved from /home/airflow/.local/lib/python3.12/site-packages/airflow/example_dags/example_xcomargs.py
[2024-05-03T21:11:10.643+0000] {logging_mixin.py:188} INFO - [2024-05-03T21:11:10.643+0000] {dag.py:3096} INFO - Sync 2 DAGs
[2024-05-03T21:11:10.653+0000] {logging_mixin.py:188} INFO - [2024-05-03T21:11:10.652+0000] {dag.py:3954} INFO - Setting next_dagrun for example_xcom_args to None, run_after=None
[2024-05-03T21:11:10.655+0000] {logging_mixin.py:188} INFO - [2024-05-03T21:11:10.655+0000] {dag.py:3954} INFO - Setting next_dagrun for example_xcom_args_with_operators to None, run_after=None
[2024-05-03T21:11:10.668+0000] {processor.py:183} INFO - Processing /home/airflow/.local/lib/python3.12/site-packages/airflow/example_dags/example_xcomargs.py took 0.042 seconds
[2024-05-03T21:11:41.863+0000] {processor.py:161} INFO - Started process (PID=98) to work on /home/airflow/.local/lib/python3.12/site-packages/airflow/example_dags/example_xcomargs.py
[2024-05-03T21:11:41.864+0000] {processor.py:830} INFO - Processing file /home/airflow/.local/lib/python3.12/site-packages/airflow/example_dags/example_xcomargs.py for tasks to queue
[2024-05-03T21:11:41.865+0000] {logging_mixin.py:188} INFO - [2024-05-03T21:11:41.865+0000] {dagbag.py:540} INFO - Filling up the DagBag from /home/airflow/.local/lib/python3.12/site-packages/airflow/example_dags/example_xcomargs.py
[2024-05-03T21:11:41.870+0000] {processor.py:840} INFO - DAG(s) 'example_xcom_args', 'example_xcom_args_with_operators' retrieved from /home/airflow/.local/lib/python3.12/site-packages/airflow/example_dags/example_xcomargs.py
[2024-05-03T21:11:41.954+0000] {logging_mixin.py:188} INFO - [2024-05-03T21:11:41.954+0000] {dag.py:3096} INFO - Sync 2 DAGs
[2024-05-03T21:11:41.963+0000] {logging_mixin.py:188} INFO - [2024-05-03T21:11:41.963+0000] {dag.py:3954} INFO - Setting next_dagrun for example_xcom_args to None, run_after=None
[2024-05-03T21:11:41.965+0000] {logging_mixin.py:188} INFO - [2024-05-03T21:11:41.965+0000] {dag.py:3954} INFO - Setting next_dagrun for example_xcom_args_with_operators to None, run_after=None
[2024-05-03T21:11:41.977+0000] {processor.py:183} INFO - Processing /home/airflow/.local/lib/python3.12/site-packages/airflow/example_dags/example_xcomargs.py took 0.117 seconds
[2024-05-03T21:12:12.196+0000] {processor.py:161} INFO - Started process (PID=156) to work on /home/airflow/.local/lib/python3.12/site-packages/airflow/example_dags/example_xcomargs.py
[2024-05-03T21:12:12.196+0000] {processor.py:830} INFO - Processing file /home/airflow/.local/lib/python3.12/site-packages/airflow/example_dags/example_xcomargs.py for tasks to queue
[2024-05-03T21:12:12.197+0000] {logging_mixin.py:188} INFO - [2024-05-03T21:12:12.197+0000] {dagbag.py:540} INFO - Filling up the DagBag from /home/airflow/.local/lib/python3.12/site-packages/airflow/example_dags/example_xcomargs.py
[2024-05-03T21:12:12.202+0000] {processor.py:840} INFO - DAG(s) 'example_xcom_args_with_operators', 'example_xcom_args' retrieved from /home/airflow/.local/lib/python3.12/site-packages/airflow/example_dags/example_xcomargs.py
[2024-05-03T21:12:12.217+0000] {logging_mixin.py:188} INFO - [2024-05-03T21:12:12.217+0000] {dag.py:3096} INFO - Sync 2 DAGs
[2024-05-03T21:12:12.227+0000] {logging_mixin.py:188} INFO - [2024-05-03T21:12:12.227+0000] {dag.py:3954} INFO - Setting next_dagrun for example_xcom_args to None, run_after=None
[2024-05-03T21:12:12.230+0000] {logging_mixin.py:188} INFO - [2024-05-03T21:12:12.229+0000] {dag.py:3954} INFO - Setting next_dagrun for example_xcom_args_with_operators to None, run_after=None
[2024-05-03T21:12:12.240+0000] {processor.py:183} INFO - Processing /home/airflow/.local/lib/python3.12/site-packages/airflow/example_dags/example_xcomargs.py took 0.048 seconds
[2024-05-03T21:12:42.422+0000] {processor.py:161} INFO - Started process (PID=214) to work on /home/airflow/.local/lib/python3.12/site-packages/airflow/example_dags/example_xcomargs.py
[2024-05-03T21:12:42.423+0000] {processor.py:830} INFO - Processing file /home/airflow/.local/lib/python3.12/site-packages/airflow/example_dags/example_xcomargs.py for tasks to queue
[2024-05-03T21:12:42.424+0000] {logging_mixin.py:188} INFO - [2024-05-03T21:12:42.424+0000] {dagbag.py:540} INFO - Filling up the DagBag from /home/airflow/.local/lib/python3.12/site-packages/airflow/example_dags/example_xcomargs.py
[2024-05-03T21:12:42.429+0000] {processor.py:840} INFO - DAG(s) 'example_xcom_args_with_operators', 'example_xcom_args' retrieved from /home/airflow/.local/lib/python3.12/site-packages/airflow/example_dags/example_xcomargs.py
[2024-05-03T21:12:42.444+0000] {logging_mixin.py:188} INFO - [2024-05-03T21:12:42.444+0000] {dag.py:3096} INFO - Sync 2 DAGs
[2024-05-03T21:12:42.453+0000] {logging_mixin.py:188} INFO - [2024-05-03T21:12:42.453+0000] {dag.py:3954} INFO - Setting next_dagrun for example_xcom_args to None, run_after=None
[2024-05-03T21:12:42.456+0000] {logging_mixin.py:188} INFO - [2024-05-03T21:12:42.456+0000] {dag.py:3954} INFO - Setting next_dagrun for example_xcom_args_with_operators to None, run_after=None
[2024-05-03T21:12:42.467+0000] {processor.py:183} INFO - Processing /home/airflow/.local/lib/python3.12/site-packages/airflow/example_dags/example_xcomargs.py took 0.048 seconds
[2024-05-03T21:13:13.331+0000] {processor.py:161} INFO - Started process (PID=272) to work on /home/airflow/.local/lib/python3.12/site-packages/airflow/example_dags/example_xcomargs.py
[2024-05-03T21:13:13.332+0000] {processor.py:830} INFO - Processing file /home/airflow/.local/lib/python3.12/site-packages/airflow/example_dags/example_xcomargs.py for tasks to queue
[2024-05-03T21:13:13.333+0000] {logging_mixin.py:188} INFO - [2024-05-03T21:13:13.333+0000] {dagbag.py:540} INFO - Filling up the DagBag from /home/airflow/.local/lib/python3.12/site-packages/airflow/example_dags/example_xcomargs.py
[2024-05-03T21:13:13.339+0000] {processor.py:840} INFO - DAG(s) 'example_xcom_args_with_operators', 'example_xcom_args' retrieved from /home/airflow/.local/lib/python3.12/site-packages/airflow/example_dags/example_xcomargs.py
[2024-05-03T21:13:13.354+0000] {logging_mixin.py:188} INFO - [2024-05-03T21:13:13.354+0000] {dag.py:3096} INFO - Sync 2 DAGs
[2024-05-03T21:13:13.364+0000] {logging_mixin.py:188} INFO - [2024-05-03T21:13:13.364+0000] {dag.py:3954} INFO - Setting next_dagrun for example_xcom_args to None, run_after=None
[2024-05-03T21:13:13.367+0000] {logging_mixin.py:188} INFO - [2024-05-03T21:13:13.367+0000] {dag.py:3954} INFO - Setting next_dagrun for example_xcom_args_with_operators to None, run_after=None
[2024-05-03T21:13:13.379+0000] {processor.py:183} INFO - Processing /home/airflow/.local/lib/python3.12/site-packages/airflow/example_dags/example_xcomargs.py took 0.051 seconds
